# JRE version: OpenJDK Runtime Environment (17.0.9) (build 17.0.9+0--11185874)
# Java VM: OpenJDK 64-Bit Server VM (17.0.9+0--11185874, mixed mode, tiered, compressed oops, compressed class ptrs, g1 gc, windows-amd64)
GC Precious Log:
 CPUs: 12 total, 12 available
 Memory: 7514M
 Large Page Support: Disabled
 NUMA Support: Disabled
 Compressed Oops: Enabled (32-bit)
 Heap Region Size: 1M
 Heap Min Capacity: 8M
 Heap Initial Capacity: 118M
 Heap Max Capacity: 2G
 Pre-touch: Disabled
 Parallel Workers: 10
 Concurrent Workers: 3
 Concurrent Refinement Workers: 10
 Periodic GC: Disabled
Heap:
 garbage-first heap   total 348160K, used 136895K [0x0000000080000000, 0x0000000100000000)
  region size 1024K, 8 young (8192K), 8 survivors (8192K)
 Metaspace       used 111844K, committed 112832K, reserved 1179648K
  class space    used 15480K, committed 15936K, reserved 1048576K
GC Heap History (20 events):
Event: 13.207 GC heap after
{Heap after GC invocations=32 (full 0):
 garbage-first heap   total 150528K, used 82962K [0x0000000080000000, 0x0000000100000000)
  region size 1024K, 1 young (1024K), 1 survivors (1024K)
 Metaspace       used 80936K, committed 81664K, reserved 1179648K
  class space    used 10956K, committed 11264K, reserved 1048576K
}
Event: 13.623 GC heap before
{Heap before GC invocations=32 (full 0):
 garbage-first heap   total 150528K, used 120850K [0x0000000080000000, 0x0000000100000000)
  region size 1024K, 39 young (39936K), 1 survivors (1024K)
 Metaspace       used 81721K, committed 82368K, reserved 1179648K
  class space    used 11045K, committed 11328K, reserved 1048576K
}
Event: 13.630 GC heap after
{Heap after GC invocations=33 (full 0):
 garbage-first heap   total 348160K, used 88631K [0x0000000080000000, 0x0000000100000000)
  region size 1024K, 5 young (5120K), 5 survivors (5120K)
 Metaspace       used 81721K, committed 82368K, reserved 1179648K
  class space    used 11045K, committed 11328K, reserved 1048576K
}
Event: 16.071 GC heap before
{Heap before GC invocations=34 (full 0):
 garbage-first heap   total 311296K, used 247351K [0x0000000080000000, 0x0000000100000000)
  region size 1024K, 159 young (162816K), 5 survivors (5120K)
 Metaspace       used 91400K, committed 92096K, reserved 1179648K
  class space    used 12612K, committed 12928K, reserved 1048576K
}
Event: 16.082 GC heap after
{Heap after GC invocations=35 (full 0):
 garbage-first heap   total 311296K, used 95596K [0x0000000080000000, 0x0000000100000000)
  region size 1024K, 12 young (12288K), 12 survivors (12288K)
 Metaspace       used 91400K, committed 92096K, reserved 1179648K
  class space    used 12612K, committed 12928K, reserved 1048576K
}
Event: 16.091 GC heap before
{Heap before GC invocations=35 (full 0):
 garbage-first heap   total 311296K, used 98668K [0x0000000080000000, 0x0000000100000000)
  region size 1024K, 15 young (15360K), 12 survivors (12288K)
 Metaspace       used 91438K, committed 92160K, reserved 1179648K
  class space    used 12615K, committed 12928K, reserved 1048576K
}
Event: 16.101 GC heap after
{Heap after GC invocations=36 (full 0):
 garbage-first heap   total 311296K, used 95845K [0x0000000080000000, 0x0000000100000000)
  region size 1024K, 2 young (2048K), 2 survivors (2048K)
 Metaspace       used 91438K, committed 92160K, reserved 1179648K
  class space    used 12615K, committed 12928K, reserved 1048576K
}
Event: 17.961 GC heap before
{Heap before GC invocations=36 (full 0):
 garbage-first heap   total 311296K, used 245349K [0x0000000080000000, 0x0000000100000000)
  region size 1024K, 148 young (151552K), 2 survivors (2048K)
 Metaspace       used 101102K, committed 101952K, reserved 1179648K
  class space    used 14020K, committed 14400K, reserved 1048576K
}
Event: 17.972 GC heap after
{Heap after GC invocations=37 (full 0):
 garbage-first heap   total 311296K, used 103711K [0x0000000080000000, 0x0000000100000000)
  region size 1024K, 10 young (10240K), 10 survivors (10240K)
 Metaspace       used 101102K, committed 101952K, reserved 1179648K
  class space    used 14020K, committed 14400K, reserved 1048576K
}
Event: 19.657 GC heap before
{Heap before GC invocations=38 (full 0):
 garbage-first heap   total 311296K, used 246047K [0x0000000080000000, 0x0000000100000000)
  region size 1024K, 150 young (153600K), 10 survivors (10240K)
 Metaspace       used 104223K, committed 105152K, reserved 1179648K
  class space    used 14535K, committed 14976K, reserved 1048576K
}
Event: 19.681 GC heap after
{Heap after GC invocations=39 (full 0):
 garbage-first heap   total 311296K, used 115190K [0x0000000080000000, 0x0000000100000000)
  region size 1024K, 19 young (19456K), 19 survivors (19456K)
 Metaspace       used 104223K, committed 105152K, reserved 1179648K
  class space    used 14535K, committed 14976K, reserved 1048576K
}
Event: 19.732 GC heap before
{Heap before GC invocations=39 (full 0):
 garbage-first heap   total 311296K, used 116214K [0x0000000080000000, 0x0000000100000000)
  region size 1024K, 20 young (20480K), 19 survivors (19456K)
 Metaspace       used 104247K, committed 105152K, reserved 1179648K
  class space    used 14536K, committed 14976K, reserved 1048576K
}
Event: 19.780 GC heap after
{Heap after GC invocations=40 (full 0):
 garbage-first heap   total 311296K, used 117709K [0x0000000080000000, 0x0000000100000000)
  region size 1024K, 3 young (3072K), 3 survivors (3072K)
 Metaspace       used 104247K, committed 105152K, reserved 1179648K
  class space    used 14536K, committed 14976K, reserved 1048576K
}
Event: 20.615 GC heap before
{Heap before GC invocations=40 (full 0):
 garbage-first heap   total 311296K, used 247757K [0x0000000080000000, 0x0000000100000000)
  region size 1024K, 131 young (134144K), 3 survivors (3072K)
 Metaspace       used 104686K, committed 105600K, reserved 1179648K
  class space    used 14574K, committed 14976K, reserved 1048576K
}
Event: 20.627 GC heap after
{Heap after GC invocations=41 (full 0):
 garbage-first heap   total 311296K, used 124836K [0x0000000080000000, 0x0000000100000000)
  region size 1024K, 10 young (10240K), 10 survivors (10240K)
 Metaspace       used 104686K, committed 105600K, reserved 1179648K
  class space    used 14574K, committed 14976K, reserved 1048576K
}
Event: 21.871 GC heap before
{Heap before GC invocations=42 (full 0):
 garbage-first heap   total 311296K, used 249764K [0x0000000080000000, 0x0000000100000000)
  region size 1024K, 133 young (136192K), 10 survivors (10240K)
 Metaspace       used 108226K, committed 109120K, reserved 1179648K
  class space    used 15057K, committed 15488K, reserved 1048576K
}
Event: 21.900 GC heap after
{Heap after GC invocations=43 (full 0):
 garbage-first heap   total 311296K, used 131998K [0x0000000080000000, 0x0000000100000000)
  region size 1024K, 10 young (10240K), 10 survivors (10240K)
 Metaspace       used 108226K, committed 109120K, reserved 1179648K
  class space    used 15057K, committed 15488K, reserved 1048576K
}
Event: 21.998 GC heap before
{Heap before GC invocations=43 (full 0):
 garbage-first heap   total 311296K, used 141214K [0x0000000080000000, 0x0000000100000000)
  region size 1024K, 15 young (15360K), 10 survivors (10240K)
 Metaspace       used 109107K, committed 110016K, reserved 1179648K
  class space    used 15085K, committed 15488K, reserved 1048576K
}
Event: 22.074 GC heap after
{Heap after GC invocations=44 (full 0):
 garbage-first heap   total 311296K, used 131109K [0x0000000080000000, 0x0000000100000000)
  region size 1024K, 2 young (2048K), 2 survivors (2048K)
 Metaspace       used 109107K, committed 110016K, reserved 1179648K
  class space    used 15085K, committed 15488K, reserved 1048576K
}
Event: 37.236 GC heap before
{Heap before GC invocations=44 (full 0):
 garbage-first heap   total 311296K, used 251941K [0x0000000080000000, 0x0000000100000000)
  region size 1024K, 121 young (123904K), 2 survivors (2048K)
 Metaspace       used 111844K, committed 112832K, reserved 1179648K
  class space    used 15480K, committed 15936K, reserved 1048576K
}

