# JRE version: OpenJDK Runtime Environment (17.0.9) (build 17.0.9+0--11185874)
# Java VM: OpenJDK 64-Bit Server VM (17.0.9+0--11185874, mixed mode, tiered, compressed oops, compressed class ptrs, g1 gc, windows-amd64)
GC Precious Log:
 CPUs: 12 total, 12 available
 Memory: 7514M
 Large Page Support: Disabled
 NUMA Support: Disabled
 Compressed Oops: Enabled (32-bit)
 Heap Region Size: 1M
 Heap Min Capacity: 8M
 Heap Initial Capacity: 118M
 Heap Max Capacity: 2G
 Pre-touch: Disabled
 Parallel Workers: 10
 Concurrent Workers: 3
 Concurrent Refinement Workers: 10
 Periodic GC: Disabled
Heap:
 garbage-first heap   total 283648K, used 137741K [0x0000000080000000, 0x0000000100000000)
  region size 1024K, 2 young (2048K), 2 survivors (2048K)
 Metaspace       used 119223K, committed 120192K, reserved 1179648K
  class space    used 16396K, committed 16896K, reserved 1048576K
GC Heap History (20 events):
Event: 27.914 GC heap after
{Heap after GC invocations=51 (full 0):
 garbage-first heap   total 280576K, used 134514K [0x0000000080000000, 0x0000000100000000)
  region size 1024K, 2 young (2048K), 2 survivors (2048K)
 Metaspace       used 109420K, committed 110336K, reserved 1179648K
  class space    used 15069K, committed 15488K, reserved 1048576K
}
Event: 28.839 GC heap before
{Heap before GC invocations=51 (full 0):
 garbage-first heap   total 280576K, used 226674K [0x0000000080000000, 0x0000000100000000)
  region size 1024K, 93 young (95232K), 2 survivors (2048K)
 Metaspace       used 112281K, committed 113216K, reserved 1179648K
  class space    used 15419K, committed 15872K, reserved 1048576K
}
Event: 28.848 GC heap after
{Heap after GC invocations=52 (full 0):
 garbage-first heap   total 280576K, used 140566K [0x0000000080000000, 0x0000000100000000)
  region size 1024K, 8 young (8192K), 8 survivors (8192K)
 Metaspace       used 112281K, committed 113216K, reserved 1179648K
  class space    used 15419K, committed 15872K, reserved 1048576K
}
Event: 40.390 GC heap before
{Heap before GC invocations=53 (full 0):
 garbage-first heap   total 280576K, used 227606K [0x0000000080000000, 0x0000000100000000)
  region size 1024K, 94 young (96256K), 8 survivors (8192K)
 Metaspace       used 114374K, committed 115328K, reserved 1179648K
  class space    used 15739K, committed 16192K, reserved 1048576K
}
Event: 40.398 GC heap after
{Heap after GC invocations=54 (full 0):
 garbage-first heap   total 280576K, used 141676K [0x0000000080000000, 0x0000000100000000)
  region size 1024K, 2 young (2048K), 2 survivors (2048K)
 Metaspace       used 114374K, committed 115328K, reserved 1179648K
  class space    used 15739K, committed 16192K, reserved 1048576K
}
Event: 40.450 GC heap before
{Heap before GC invocations=54 (full 0):
 garbage-first heap   total 280576K, used 152940K [0x0000000080000000, 0x0000000100000000)
  region size 1024K, 13 young (13312K), 2 survivors (2048K)
 Metaspace       used 114379K, committed 115392K, reserved 1179648K
  class space    used 15741K, committed 16192K, reserved 1048576K
}
Event: 40.454 GC heap after
{Heap after GC invocations=55 (full 0):
 garbage-first heap   total 280576K, used 139659K [0x0000000080000000, 0x0000000100000000)
  region size 1024K, 1 young (1024K), 1 survivors (1024K)
 Metaspace       used 114379K, committed 115392K, reserved 1179648K
  class space    used 15741K, committed 16192K, reserved 1048576K
}
Event: 40.829 GC heap before
{Heap before GC invocations=55 (full 0):
 garbage-first heap   total 280576K, used 232843K [0x0000000080000000, 0x0000000100000000)
  region size 1024K, 92 young (94208K), 1 survivors (1024K)
 Metaspace       used 114388K, committed 115392K, reserved 1179648K
  class space    used 15741K, committed 16192K, reserved 1048576K
}
Event: 40.832 GC heap after
{Heap after GC invocations=56 (full 0):
 garbage-first heap   total 280576K, used 139608K [0x0000000080000000, 0x0000000100000000)
  region size 1024K, 1 young (1024K), 1 survivors (1024K)
 Metaspace       used 114388K, committed 115392K, reserved 1179648K
  class space    used 15741K, committed 16192K, reserved 1048576K
}
Event: 41.164 GC heap before
{Heap before GC invocations=57 (full 0):
 garbage-first heap   total 280576K, used 236888K [0x0000000080000000, 0x0000000100000000)
  region size 1024K, 95 young (97280K), 1 survivors (1024K)
 Metaspace       used 114391K, committed 115392K, reserved 1179648K
  class space    used 15741K, committed 16192K, reserved 1048576K
}
Event: 41.167 GC heap after
{Heap after GC invocations=58 (full 0):
 garbage-first heap   total 280576K, used 139884K [0x0000000080000000, 0x0000000100000000)
  region size 1024K, 2 young (2048K), 2 survivors (2048K)
 Metaspace       used 114391K, committed 115392K, reserved 1179648K
  class space    used 15741K, committed 16192K, reserved 1048576K
}
Event: 41.194 GC heap before
{Heap before GC invocations=58 (full 0):
 garbage-first heap   total 280576K, used 151148K [0x0000000080000000, 0x0000000100000000)
  region size 1024K, 13 young (13312K), 2 survivors (2048K)
 Metaspace       used 114391K, committed 115392K, reserved 1179648K
  class space    used 15741K, committed 16192K, reserved 1048576K
}
Event: 41.198 GC heap after
{Heap after GC invocations=59 (full 0):
 garbage-first heap   total 280576K, used 138350K [0x0000000080000000, 0x0000000100000000)
  region size 1024K, 1 young (1024K), 1 survivors (1024K)
 Metaspace       used 114391K, committed 115392K, reserved 1179648K
  class space    used 15741K, committed 16192K, reserved 1048576K
}
Event: 41.250 GC heap before
{Heap before GC invocations=59 (full 0):
 garbage-first heap   total 280576K, used 148590K [0x0000000080000000, 0x0000000100000000)
  region size 1024K, 12 young (12288K), 1 survivors (1024K)
 Metaspace       used 114393K, committed 115392K, reserved 1179648K
  class space    used 15741K, committed 16192K, reserved 1048576K
}
Event: 41.253 GC heap after
{Heap after GC invocations=60 (full 0):
 garbage-first heap   total 280576K, used 137927K [0x0000000080000000, 0x0000000100000000)
  region size 1024K, 1 young (1024K), 1 survivors (1024K)
 Metaspace       used 114393K, committed 115392K, reserved 1179648K
  class space    used 15741K, committed 16192K, reserved 1048576K
}
Event: 41.525 GC heap before
{Heap before GC invocations=61 (full 0):
 garbage-first heap   total 283648K, used 242375K [0x0000000080000000, 0x0000000100000000)
  region size 1024K, 101 young (103424K), 1 survivors (1024K)
 Metaspace       used 114394K, committed 115392K, reserved 1179648K
  class space    used 15741K, committed 16192K, reserved 1048576K
}
Event: 41.527 GC heap after
{Heap after GC invocations=62 (full 0):
 garbage-first heap   total 283648K, used 140602K [0x0000000080000000, 0x0000000100000000)
  region size 1024K, 1 young (1024K), 1 survivors (1024K)
 Metaspace       used 114394K, committed 115392K, reserved 1179648K
  class space    used 15741K, committed 16192K, reserved 1048576K
}
Event: 41.563 GC heap before
{Heap before GC invocations=62 (full 0):
 garbage-first heap   total 283648K, used 152890K [0x0000000080000000, 0x0000000100000000)
  region size 1024K, 13 young (13312K), 1 survivors (1024K)
 Metaspace       used 114394K, committed 115392K, reserved 1179648K
  class space    used 15741K, committed 16192K, reserved 1048576K
}
Event: 41.568 GC heap after
{Heap after GC invocations=63 (full 0):
 garbage-first heap   total 283648K, used 139441K [0x0000000080000000, 0x0000000100000000)
  region size 1024K, 1 young (1024K), 1 survivors (1024K)
 Metaspace       used 114394K, committed 115392K, reserved 1179648K
  class space    used 15741K, committed 16192K, reserved 1048576K
}
Event: 42.251 GC heap before
{Heap before GC invocations=63 (full 0):
 garbage-first heap   total 283648K, used 241841K [0x0000000080000000, 0x0000000100000000)
  region size 1024K, 102 young (104448K), 1 survivors (1024K)
 Metaspace       used 119223K, committed 120192K, reserved 1179648K
  class space    used 16396K, committed 16896K, reserved 1048576K
}

