# JRE version: OpenJDK Runtime Environment (17.0.10) (build 17.0.10+0--11572160)
# Java VM: OpenJDK 64-Bit Server VM (17.0.10+0--11572160, mixed mode, tiered, compressed oops, compressed class ptrs, g1 gc, windows-amd64)
GC Precious Log:
 CPUs: 12 total, 12 available
 Memory: 7514M
 Large Page Support: Disabled
 NUMA Support: Disabled
 Compressed Oops: Enabled (32-bit)
 Heap Region Size: 1M
 Heap Min Capacity: 8M
 Heap Initial Capacity: 118M
 Heap Max Capacity: 2G
 Pre-touch: Disabled
 Parallel Workers: 10
 Concurrent Workers: 3
 Concurrent Refinement Workers: 10
 Periodic GC: Disabled
Heap:
 garbage-first heap   total 404480K, used 177603K [0x0000000080000000, 0x0000000100000000)
  region size 1024K, 8 young (8192K), 8 survivors (8192K)
 Metaspace       used 148594K, committed 149888K, reserved 1179648K
  class space    used 19970K, committed 20608K, reserved 1048576K
GC Heap History (20 events):
Event: 2101.676 GC heap after
{Heap after GC invocations=63 (full 0):
 garbage-first heap   total 368640K, used 173056K [0x0000000080000000, 0x0000000100000000)
  region size 1024K, 10 young (10240K), 10 survivors (10240K)
 Metaspace       used 145926K, committed 147072K, reserved 1179648K
  class space    used 19913K, committed 20480K, reserved 1048576K
}
Event: 2101.805 GC heap before
{Heap before GC invocations=63 (full 0):
 garbage-first heap   total 368640K, used 181248K [0x0000000080000000, 0x0000000100000000)
  region size 1024K, 18 young (18432K), 10 survivors (10240K)
 Metaspace       used 145957K, committed 147072K, reserved 1179648K
  class space    used 19913K, committed 20480K, reserved 1048576K
}
Event: 2101.818 GC heap after
{Heap after GC invocations=64 (full 0):
 garbage-first heap   total 368640K, used 174089K [0x0000000080000000, 0x0000000100000000)
  region size 1024K, 3 young (3072K), 3 survivors (3072K)
 Metaspace       used 145957K, committed 147072K, reserved 1179648K
  class space    used 19913K, committed 20480K, reserved 1048576K
}
Event: 2322.392 GC heap before
{Heap before GC invocations=64 (full 0):
 garbage-first heap   total 368640K, used 310281K [0x0000000080000000, 0x0000000100000000)
  region size 1024K, 137 young (140288K), 3 survivors (3072K)
 Metaspace       used 146425K, committed 147648K, reserved 1179648K
  class space    used 19947K, committed 20544K, reserved 1048576K
}
Event: 2322.407 GC heap after
{Heap after GC invocations=65 (full 0):
 garbage-first heap   total 368640K, used 184353K [0x0000000080000000, 0x0000000100000000)
  region size 1024K, 13 young (13312K), 13 survivors (13312K)
 Metaspace       used 146425K, committed 147648K, reserved 1179648K
  class space    used 19947K, committed 20544K, reserved 1048576K
}
Event: 2323.200 GC heap before
{Heap before GC invocations=65 (full 0):
 garbage-first heap   total 368640K, used 265249K [0x0000000080000000, 0x0000000100000000)
  region size 1024K, 93 young (95232K), 13 survivors (13312K)
 Metaspace       used 146682K, committed 147968K, reserved 1179648K
  class space    used 19984K, committed 20608K, reserved 1048576K
}
Event: 2323.221 GC heap after
{Heap after GC invocations=66 (full 0):
 garbage-first heap   total 368640K, used 191633K [0x0000000080000000, 0x0000000100000000)
  region size 1024K, 8 young (8192K), 8 survivors (8192K)
 Metaspace       used 146682K, committed 147968K, reserved 1179648K
  class space    used 19984K, committed 20608K, reserved 1048576K
}
Event: 2689.024 GC heap before
{Heap before GC invocations=67 (full 0):
 garbage-first heap   total 404480K, used 380049K [0x0000000080000000, 0x0000000100000000)
  region size 1024K, 117 young (119808K), 8 survivors (8192K)
 Metaspace       used 146478K, committed 148032K, reserved 1179648K
  class space    used 19870K, committed 20608K, reserved 1048576K
}
Event: 2689.054 GC heap after
{Heap after GC invocations=68 (full 0):
 garbage-first heap   total 404480K, used 197180K [0x0000000080000000, 0x0000000100000000)
  region size 1024K, 15 young (15360K), 15 survivors (15360K)
 Metaspace       used 146478K, committed 148032K, reserved 1179648K
  class space    used 19870K, committed 20608K, reserved 1048576K
}
Event: 2689.083 GC heap before
{Heap before GC invocations=68 (full 0):
 garbage-first heap   total 404480K, used 201276K [0x0000000080000000, 0x0000000100000000)
  region size 1024K, 19 young (19456K), 15 survivors (15360K)
 Metaspace       used 146480K, committed 148032K, reserved 1179648K
  class space    used 19870K, committed 20608K, reserved 1048576K
}
Event: 2689.139 GC heap after
{Heap after GC invocations=69 (full 0):
 garbage-first heap   total 404480K, used 175639K [0x0000000080000000, 0x0000000100000000)
  region size 1024K, 3 young (3072K), 3 survivors (3072K)
 Metaspace       used 146480K, committed 148032K, reserved 1179648K
  class space    used 19870K, committed 20608K, reserved 1048576K
}
Event: 2689.239 GC heap before
{Heap before GC invocations=69 (full 0):
 garbage-first heap   total 404480K, used 192023K [0x0000000080000000, 0x0000000100000000)
  region size 1024K, 19 young (19456K), 3 survivors (3072K)
 Metaspace       used 146495K, committed 148032K, reserved 1179648K
  class space    used 19870K, committed 20608K, reserved 1048576K
}
Event: 2689.251 GC heap after
{Heap after GC invocations=70 (full 0):
 garbage-first heap   total 404480K, used 175509K [0x0000000080000000, 0x0000000100000000)
  region size 1024K, 2 young (2048K), 2 survivors (2048K)
 Metaspace       used 146495K, committed 148032K, reserved 1179648K
  class space    used 19870K, committed 20608K, reserved 1048576K
}
Event: 2805.217 GC heap before
{Heap before GC invocations=70 (full 0):
 garbage-first heap   total 404480K, used 327061K [0x0000000080000000, 0x0000000100000000)
  region size 1024K, 150 young (153600K), 2 survivors (2048K)
 Metaspace       used 147053K, committed 148352K, reserved 1179648K
  class space    used 19899K, committed 20608K, reserved 1048576K
}
Event: 2805.252 GC heap after
{Heap after GC invocations=71 (full 0):
 garbage-first heap   total 404480K, used 189088K [0x0000000080000000, 0x0000000100000000)
  region size 1024K, 15 young (15360K), 15 survivors (15360K)
 Metaspace       used 147053K, committed 148352K, reserved 1179648K
  class space    used 19899K, committed 20608K, reserved 1048576K
}
Event: 2843.287 GC heap before
{Heap before GC invocations=72 (full 0):
 garbage-first heap   total 404480K, used 356000K [0x0000000080000000, 0x0000000100000000)
  region size 1024K, 151 young (154624K), 15 survivors (15360K)
 Metaspace       used 148087K, committed 149376K, reserved 1179648K
  class space    used 19965K, committed 20608K, reserved 1048576K
}
Event: 2843.330 GC heap after
{Heap after GC invocations=73 (full 0):
 garbage-first heap   total 404480K, used 195430K [0x0000000080000000, 0x0000000100000000)
  region size 1024K, 11 young (11264K), 11 survivors (11264K)
 Metaspace       used 148087K, committed 149376K, reserved 1179648K
  class space    used 19965K, committed 20608K, reserved 1048576K
}
Event: 2843.547 GC heap before
{Heap before GC invocations=73 (full 0):
 garbage-first heap   total 404480K, used 203622K [0x0000000080000000, 0x0000000100000000)
  region size 1024K, 19 young (19456K), 11 survivors (11264K)
 Metaspace       used 148114K, committed 149376K, reserved 1179648K
  class space    used 19965K, committed 20608K, reserved 1048576K
}
Event: 2843.623 GC heap after
{Heap after GC invocations=74 (full 0):
 garbage-first heap   total 404480K, used 172424K [0x0000000080000000, 0x0000000100000000)
  region size 1024K, 3 young (3072K), 3 survivors (3072K)
 Metaspace       used 148114K, committed 149376K, reserved 1179648K
  class space    used 19965K, committed 20608K, reserved 1048576K
}
Event: 2847.350 GC heap before
{Heap before GC invocations=74 (full 0):
 garbage-first heap   total 404480K, used 295304K [0x0000000080000000, 0x0000000100000000)
  region size 1024K, 125 young (128000K), 3 survivors (3072K)
 Metaspace       used 148594K, committed 149888K, reserved 1179648K
  class space    used 19970K, committed 20608K, reserved 1048576K
}

