# JRE version: OpenJDK Runtime Environment (17.0.9) (build 17.0.9+0--11185874)
# Java VM: OpenJDK 64-Bit Server VM (17.0.9+0--11185874, mixed mode, tiered, compressed oops, compressed class ptrs, g1 gc, windows-amd64)
GC Precious Log:
 CPUs: 12 total, 12 available
 Memory: 7514M
 Large Page Support: Disabled
 NUMA Support: Disabled
 Compressed Oops: Enabled (32-bit)
 Heap Region Size: 1M
 Heap Min Capacity: 8M
 Heap Initial Capacity: 118M
 Heap Max Capacity: 2G
 Pre-touch: Disabled
 Parallel Workers: 10
 Concurrent Workers: 3
 Concurrent Refinement Workers: 10
 Periodic GC: Disabled
Heap:
 garbage-first heap   total 314368K, used 194383K [0x0000000080000000, 0x0000000100000000)
  region size 1024K, 67 young (68608K), 7 survivors (7168K)
 Metaspace       used 115916K, committed 116800K, reserved 1179648K
  class space    used 15913K, committed 16320K, reserved 1048576K
GC Heap History (20 events):
Event: 13.904 GC heap before
{Heap before GC invocations=41 (full 0):
 garbage-first heap   total 162816K, used 128137K [0x0000000080000000, 0x0000000100000000)
  region size 1024K, 45 young (46080K), 1 survivors (1024K)
 Metaspace       used 81893K, committed 82560K, reserved 1179648K
  class space    used 11068K, committed 11392K, reserved 1048576K
}
Event: 13.908 GC heap after
{Heap after GC invocations=42 (full 0):
 garbage-first heap   total 162816K, used 88322K [0x0000000080000000, 0x0000000100000000)
  region size 1024K, 6 young (6144K), 6 survivors (6144K)
 Metaspace       used 81893K, committed 82560K, reserved 1179648K
  class space    used 11068K, committed 11392K, reserved 1048576K
}
Event: 14.402 GC heap before
{Heap before GC invocations=43 (full 0):
 garbage-first heap   total 162816K, used 130306K [0x0000000080000000, 0x0000000100000000)
  region size 1024K, 46 young (47104K), 6 survivors (6144K)
 Metaspace       used 84630K, committed 85312K, reserved 1179648K
  class space    used 11458K, committed 11776K, reserved 1048576K
}
Event: 14.409 GC heap after
{Heap after GC invocations=44 (full 0):
 garbage-first heap   total 162816K, used 91173K [0x0000000080000000, 0x0000000100000000)
  region size 1024K, 3 young (3072K), 3 survivors (3072K)
 Metaspace       used 84630K, committed 85312K, reserved 1179648K
  class space    used 11458K, committed 11776K, reserved 1048576K
}
Event: 14.468 GC heap before
{Heap before GC invocations=44 (full 0):
 garbage-first heap   total 162816K, used 94245K [0x0000000080000000, 0x0000000100000000)
  region size 1024K, 7 young (7168K), 3 survivors (3072K)
 Metaspace       used 84951K, committed 85632K, reserved 1179648K
  class space    used 11508K, committed 11840K, reserved 1048576K
}
Event: 14.471 GC heap after
{Heap after GC invocations=45 (full 0):
 garbage-first heap   total 162816K, used 90101K [0x0000000080000000, 0x0000000100000000)
  region size 1024K, 1 young (1024K), 1 survivors (1024K)
 Metaspace       used 84951K, committed 85632K, reserved 1179648K
  class space    used 11508K, committed 11840K, reserved 1048576K
}
Event: 15.276 GC heap before
{Heap before GC invocations=45 (full 0):
 garbage-first heap   total 162816K, used 132085K [0x0000000080000000, 0x0000000100000000)
  region size 1024K, 42 young (43008K), 1 survivors (1024K)
 Metaspace       used 87969K, committed 88640K, reserved 1179648K
  class space    used 12114K, committed 12416K, reserved 1048576K
}
Event: 15.279 GC heap after
{Heap after GC invocations=46 (full 0):
 garbage-first heap   total 325632K, used 91365K [0x0000000080000000, 0x0000000100000000)
  region size 1024K, 2 young (2048K), 2 survivors (2048K)
 Metaspace       used 87969K, committed 88640K, reserved 1179648K
  class space    used 12114K, committed 12416K, reserved 1048576K
}
Event: 17.245 GC heap before
{Heap before GC invocations=47 (full 0):
 garbage-first heap   total 314368K, used 247013K [0x0000000080000000, 0x0000000100000000)
  region size 1024K, 154 young (157696K), 2 survivors (2048K)
 Metaspace       used 97015K, committed 97792K, reserved 1179648K
  class space    used 13494K, committed 13888K, reserved 1048576K
}
Event: 17.255 GC heap after
{Heap after GC invocations=48 (full 0):
 garbage-first heap   total 314368K, used 99593K [0x0000000080000000, 0x0000000100000000)
  region size 1024K, 10 young (10240K), 10 survivors (10240K)
 Metaspace       used 97015K, committed 97792K, reserved 1179648K
  class space    used 13494K, committed 13888K, reserved 1048576K
}
Event: 17.361 GC heap before
{Heap before GC invocations=48 (full 0):
 garbage-first heap   total 314368K, used 104713K [0x0000000080000000, 0x0000000100000000)
  region size 1024K, 15 young (15360K), 10 survivors (10240K)
 Metaspace       used 98335K, committed 99136K, reserved 1179648K
  class space    used 13639K, committed 14016K, reserved 1048576K
}
Event: 17.370 GC heap after
{Heap after GC invocations=49 (full 0):
 garbage-first heap   total 314368K, used 100773K [0x0000000080000000, 0x0000000100000000)
  region size 1024K, 2 young (2048K), 2 survivors (2048K)
 Metaspace       used 98335K, committed 99136K, reserved 1179648K
  class space    used 13639K, committed 14016K, reserved 1048576K
}
Event: 19.061 GC heap before
{Heap before GC invocations=49 (full 0):
 garbage-first heap   total 314368K, used 243109K [0x0000000080000000, 0x0000000100000000)
  region size 1024K, 142 young (145408K), 2 survivors (2048K)
 Metaspace       used 103289K, committed 104128K, reserved 1179648K
  class space    used 14457K, committed 14848K, reserved 1048576K
}
Event: 19.078 GC heap after
{Heap after GC invocations=50 (full 0):
 garbage-first heap   total 314368K, used 112433K [0x0000000080000000, 0x0000000100000000)
  region size 1024K, 13 young (13312K), 13 survivors (13312K)
 Metaspace       used 103289K, committed 104128K, reserved 1179648K
  class space    used 14457K, committed 14848K, reserved 1048576K
}
Event: 20.061 GC heap before
{Heap before GC invocations=50 (full 0):
 garbage-first heap   total 314368K, used 245553K [0x0000000080000000, 0x0000000100000000)
  region size 1024K, 144 young (147456K), 13 survivors (13312K)
 Metaspace       used 104584K, committed 105472K, reserved 1179648K
  class space    used 14569K, committed 15040K, reserved 1048576K
}
Event: 20.084 GC heap after
{Heap after GC invocations=51 (full 0):
 garbage-first heap   total 314368K, used 120702K [0x0000000080000000, 0x0000000100000000)
  region size 1024K, 11 young (11264K), 11 survivors (11264K)
 Metaspace       used 104584K, committed 105472K, reserved 1179648K
  class space    used 14569K, committed 15040K, reserved 1048576K
}
Event: 21.534 GC heap before
{Heap before GC invocations=51 (full 0):
 garbage-first heap   total 314368K, used 255870K [0x0000000080000000, 0x0000000100000000)
  region size 1024K, 137 young (140288K), 11 survivors (11264K)
 Metaspace       used 113839K, committed 114688K, reserved 1179648K
  class space    used 15685K, committed 16064K, reserved 1048576K
}
Event: 21.554 GC heap after
{Heap after GC invocations=52 (full 0):
 garbage-first heap   total 314368K, used 138184K [0x0000000080000000, 0x0000000100000000)
  region size 1024K, 17 young (17408K), 17 survivors (17408K)
 Metaspace       used 113839K, committed 114688K, reserved 1179648K
  class space    used 15685K, committed 16064K, reserved 1048576K
}
Event: 22.323 GC heap before
{Heap before GC invocations=52 (full 0):
 garbage-first heap   total 314368K, used 248776K [0x0000000080000000, 0x0000000100000000)
  region size 1024K, 126 young (129024K), 17 survivors (17408K)
 Metaspace       used 115904K, committed 116800K, reserved 1179648K
  class space    used 15913K, committed 16320K, reserved 1048576K
}
Event: 22.334 GC heap after
{Heap after GC invocations=53 (full 0):
 garbage-first heap   total 314368K, used 134991K [0x0000000080000000, 0x0000000100000000)
  region size 1024K, 7 young (7168K), 7 survivors (7168K)
 Metaspace       used 115904K, committed 116800K, reserved 1179648K
  class space    used 15913K, committed 16320K, reserved 1048576K
}

