# JRE version: OpenJDK Runtime Environment (17.0.9) (build 17.0.9+0--11185874)
# Java VM: OpenJDK 64-Bit Server VM (17.0.9+0--11185874, mixed mode, tiered, compressed oops, compressed class ptrs, g1 gc, windows-amd64)
GC Precious Log:
 CPUs: 12 total, 12 available
 Memory: 7514M
 Large Page Support: Disabled
 NUMA Support: Disabled
 Compressed Oops: Enabled (32-bit)
 Heap Region Size: 1M
 Heap Min Capacity: 8M
 Heap Initial Capacity: 118M
 Heap Max Capacity: 2G
 Pre-touch: Disabled
 Parallel Workers: 10
 Concurrent Workers: 3
 Concurrent Refinement Workers: 10
 Periodic GC: Disabled
Heap:
 garbage-first heap   total 316416K, used 145807K [0x0000000080000000, 0x0000000100000000)
  region size 1024K, 46 young (47104K), 2 survivors (2048K)
 Metaspace       used 102081K, committed 102912K, reserved 1179648K
  class space    used 14208K, committed 14592K, reserved 1048576K
GC Heap History (20 events):
Event: 10.149 GC heap before
{Heap before GC invocations=21 (full 0):
 garbage-first heap   total 162816K, used 128640K [0x0000000080000000, 0x0000000100000000)
  region size 1024K, 55 young (56320K), 1 survivors (1024K)
 Metaspace       used 73521K, committed 74176K, reserved 1114112K
  class space    used 9990K, committed 10304K, reserved 1048576K
}
Event: 10.153 GC heap after
{Heap after GC invocations=22 (full 0):
 garbage-first heap   total 162816K, used 76106K [0x0000000080000000, 0x0000000100000000)
  region size 1024K, 4 young (4096K), 4 survivors (4096K)
 Metaspace       used 73521K, committed 74176K, reserved 1114112K
  class space    used 9990K, committed 10304K, reserved 1048576K
}
Event: 10.849 GC heap before
{Heap before GC invocations=22 (full 0):
 garbage-first heap   total 162816K, used 128330K [0x0000000080000000, 0x0000000100000000)
  region size 1024K, 55 young (56320K), 4 survivors (4096K)
 Metaspace       used 78559K, committed 79168K, reserved 1179648K
  class space    used 10697K, committed 11008K, reserved 1048576K
}
Event: 10.854 GC heap after
{Heap after GC invocations=23 (full 0):
 garbage-first heap   total 162816K, used 78553K [0x0000000080000000, 0x0000000100000000)
  region size 1024K, 6 young (6144K), 6 survivors (6144K)
 Metaspace       used 78559K, committed 79168K, reserved 1179648K
  class space    used 10697K, committed 11008K, reserved 1048576K
}
Event: 10.982 GC heap before
{Heap before GC invocations=23 (full 0):
 garbage-first heap   total 162816K, used 89817K [0x0000000080000000, 0x0000000100000000)
  region size 1024K, 18 young (18432K), 6 survivors (6144K)
 Metaspace       used 79132K, committed 79808K, reserved 1179648K
  class space    used 10770K, committed 11072K, reserved 1048576K
}
Event: 10.988 GC heap after
{Heap after GC invocations=24 (full 0):
 garbage-first heap   total 162816K, used 80080K [0x0000000080000000, 0x0000000100000000)
  region size 1024K, 4 young (4096K), 4 survivors (4096K)
 Metaspace       used 79132K, committed 79808K, reserved 1179648K
  class space    used 10770K, committed 11072K, reserved 1048576K
}
Event: 11.426 GC heap before
{Heap before GC invocations=25 (full 0):
 garbage-first heap   total 162816K, used 137424K [0x0000000080000000, 0x0000000100000000)
  region size 1024K, 55 young (56320K), 4 survivors (4096K)
 Metaspace       used 81071K, committed 81792K, reserved 1179648K
  class space    used 10970K, committed 11328K, reserved 1048576K
}
Event: 11.435 GC heap after
{Heap after GC invocations=26 (full 0):
 garbage-first heap   total 162816K, used 83484K [0x0000000080000000, 0x0000000100000000)
  region size 1024K, 7 young (7168K), 7 survivors (7168K)
 Metaspace       used 81071K, committed 81792K, reserved 1179648K
  class space    used 10970K, committed 11328K, reserved 1048576K
}
Event: 12.007 GC heap before
{Heap before GC invocations=26 (full 0):
 garbage-first heap   total 162816K, used 131612K [0x0000000080000000, 0x0000000100000000)
  region size 1024K, 55 young (56320K), 7 survivors (7168K)
 Metaspace       used 82686K, committed 83392K, reserved 1179648K
  class space    used 11171K, committed 11520K, reserved 1048576K
}
Event: 12.018 GC heap after
{Heap after GC invocations=27 (full 0):
 garbage-first heap   total 162816K, used 88782K [0x0000000080000000, 0x0000000100000000)
  region size 1024K, 6 young (6144K), 6 survivors (6144K)
 Metaspace       used 82686K, committed 83392K, reserved 1179648K
  class space    used 11171K, committed 11520K, reserved 1048576K
}
Event: 12.574 GC heap before
{Heap before GC invocations=28 (full 0):
 garbage-first heap   total 162816K, used 132814K [0x0000000080000000, 0x0000000100000000)
  region size 1024K, 49 young (50176K), 6 survivors (6144K)
 Metaspace       used 85624K, committed 86336K, reserved 1179648K
  class space    used 11642K, committed 11968K, reserved 1048576K
}
Event: 12.579 GC heap after
{Heap after GC invocations=29 (full 0):
 garbage-first heap   total 162816K, used 90749K [0x0000000080000000, 0x0000000100000000)
  region size 1024K, 2 young (2048K), 2 survivors (2048K)
 Metaspace       used 85624K, committed 86336K, reserved 1179648K
  class space    used 11642K, committed 11968K, reserved 1048576K
}
Event: 12.672 GC heap before
{Heap before GC invocations=29 (full 0):
 garbage-first heap   total 162816K, used 94845K [0x0000000080000000, 0x0000000100000000)
  region size 1024K, 7 young (7168K), 2 survivors (2048K)
 Metaspace       used 86007K, committed 86656K, reserved 1179648K
  class space    used 11732K, committed 12032K, reserved 1048576K
}
Event: 12.674 GC heap after
{Heap after GC invocations=30 (full 0):
 garbage-first heap   total 162816K, used 90397K [0x0000000080000000, 0x0000000100000000)
  region size 1024K, 1 young (1024K), 1 survivors (1024K)
 Metaspace       used 86007K, committed 86656K, reserved 1179648K
  class space    used 11732K, committed 12032K, reserved 1048576K
}
Event: 13.252 GC heap before
{Heap before GC invocations=30 (full 0):
 garbage-first heap   total 162816K, used 134429K [0x0000000080000000, 0x0000000100000000)
  region size 1024K, 44 young (45056K), 1 survivors (1024K)
 Metaspace       used 89156K, committed 89856K, reserved 1179648K
  class space    used 12277K, committed 12608K, reserved 1048576K
}
Event: 13.257 GC heap after
{Heap after GC invocations=31 (full 0):
 garbage-first heap   total 316416K, used 91749K [0x0000000080000000, 0x0000000100000000)
  region size 1024K, 2 young (2048K), 2 survivors (2048K)
 Metaspace       used 89156K, committed 89856K, reserved 1179648K
  class space    used 12277K, committed 12608K, reserved 1048576K
}
Event: 15.269 GC heap before
{Heap before GC invocations=32 (full 0):
 garbage-first heap   total 316416K, used 254565K [0x0000000080000000, 0x0000000100000000)
  region size 1024K, 161 young (164864K), 2 survivors (2048K)
 Metaspace       used 99529K, committed 100352K, reserved 1179648K
  class space    used 13783K, committed 14144K, reserved 1048576K
}
Event: 15.280 GC heap after
{Heap after GC invocations=33 (full 0):
 garbage-first heap   total 316416K, used 101072K [0x0000000080000000, 0x0000000100000000)
  region size 1024K, 11 young (11264K), 11 survivors (11264K)
 Metaspace       used 99529K, committed 100352K, reserved 1179648K
  class space    used 13783K, committed 14144K, reserved 1048576K
}
Event: 15.328 GC heap before
{Heap before GC invocations=33 (full 0):
 garbage-first heap   total 316416K, used 105168K [0x0000000080000000, 0x0000000100000000)
  region size 1024K, 15 young (15360K), 11 survivors (11264K)
 Metaspace       used 99740K, committed 100608K, reserved 1179648K
  class space    used 13812K, committed 14208K, reserved 1048576K
}
Event: 15.337 GC heap after
{Heap after GC invocations=34 (full 0):
 garbage-first heap   total 316416K, used 101775K [0x0000000080000000, 0x0000000100000000)
  region size 1024K, 2 young (2048K), 2 survivors (2048K)
 Metaspace       used 99740K, committed 100608K, reserved 1179648K
  class space    used 13812K, committed 14208K, reserved 1048576K
}

