# JRE version: OpenJDK Runtime Environment (17.0.9) (build 17.0.9+0--11185874)
# Java VM: OpenJDK 64-Bit Server VM (17.0.9+0--11185874, mixed mode, tiered, compressed oops, compressed class ptrs, g1 gc, windows-amd64)
GC Precious Log:
 CPUs: 12 total, 12 available
 Memory: 7514M
 Large Page Support: Disabled
 NUMA Support: Disabled
 Compressed Oops: Enabled (32-bit)
 Heap Region Size: 1M
 Heap Min Capacity: 8M
 Heap Initial Capacity: 118M
 Heap Max Capacity: 2G
 Pre-touch: Disabled
 Parallel Workers: 10
 Concurrent Workers: 3
 Concurrent Refinement Workers: 10
 Periodic GC: Disabled
Heap:
 garbage-first heap   total 268288K, used 127211K [0x0000000080000000, 0x0000000100000000)
  region size 1024K, 13 young (13312K), 9 survivors (9216K)
 Metaspace       used 104637K, committed 105536K, reserved 1179648K
  class space    used 14556K, committed 14976K, reserved 1048576K
GC Heap History (20 events):
Event: 9.629 GC heap before
{Heap before GC invocations=30 (full 0):
 garbage-first heap   total 134144K, used 69098K [0x0000000080000000, 0x0000000100000000)
  region size 1024K, 6 young (6144K), 5 survivors (5120K)
 Metaspace       used 68076K, committed 68672K, reserved 1114112K
  class space    used 9254K, committed 9536K, reserved 1048576K
}
Event: 9.635 GC heap after
{Heap after GC invocations=31 (full 0):
 garbage-first heap   total 134144K, used 68883K [0x0000000080000000, 0x0000000100000000)
  region size 1024K, 1 young (1024K), 1 survivors (1024K)
 Metaspace       used 68076K, committed 68672K, reserved 1114112K
  class space    used 9254K, committed 9536K, reserved 1048576K
}
Event: 9.995 GC heap before
{Heap before GC invocations=31 (full 0):
 garbage-first heap   total 134144K, used 101651K [0x0000000080000000, 0x0000000100000000)
  region size 1024K, 33 young (33792K), 1 survivors (1024K)
 Metaspace       used 70376K, committed 70976K, reserved 1114112K
  class space    used 9547K, committed 9856K, reserved 1048576K
}
Event: 9.998 GC heap after
{Heap after GC invocations=32 (full 0):
 garbage-first heap   total 134144K, used 69899K [0x0000000080000000, 0x0000000100000000)
  region size 1024K, 2 young (2048K), 2 survivors (2048K)
 Metaspace       used 70376K, committed 70976K, reserved 1114112K
  class space    used 9547K, committed 9856K, reserved 1048576K
}
Event: 10.272 GC heap before
{Heap before GC invocations=33 (full 0):
 garbage-first heap   total 134144K, used 86283K [0x0000000080000000, 0x0000000100000000)
  region size 1024K, 19 young (19456K), 2 survivors (2048K)
 Metaspace       used 72444K, committed 73088K, reserved 1114112K
  class space    used 9838K, committed 10176K, reserved 1048576K
}
Event: 10.276 GC heap after
{Heap after GC invocations=34 (full 0):
 garbage-first heap   total 134144K, used 71308K [0x0000000080000000, 0x0000000100000000)
  region size 1024K, 4 young (4096K), 4 survivors (4096K)
 Metaspace       used 72444K, committed 73088K, reserved 1114112K
  class space    used 9838K, committed 10176K, reserved 1048576K
}
Event: 10.726 GC heap before
{Heap before GC invocations=35 (full 0):
 garbage-first heap   total 134144K, used 110220K [0x0000000080000000, 0x0000000100000000)
  region size 1024K, 38 young (38912K), 4 survivors (4096K)
 Metaspace       used 75831K, committed 76480K, reserved 1179648K
  class space    used 10330K, committed 10624K, reserved 1048576K
}
Event: 10.731 GC heap after
{Heap after GC invocations=36 (full 0):
 garbage-first heap   total 134144K, used 76954K [0x0000000080000000, 0x0000000100000000)
  region size 1024K, 3 young (3072K), 3 survivors (3072K)
 Metaspace       used 75831K, committed 76480K, reserved 1179648K
  class space    used 10330K, committed 10624K, reserved 1048576K
}
Event: 11.123 GC heap before
{Heap before GC invocations=36 (full 0):
 garbage-first heap   total 134144K, used 108698K [0x0000000080000000, 0x0000000100000000)
  region size 1024K, 34 young (34816K), 3 survivors (3072K)
 Metaspace       used 78437K, committed 79104K, reserved 1179648K
  class space    used 10685K, committed 11008K, reserved 1048576K
}
Event: 11.128 GC heap after
{Heap after GC invocations=37 (full 0):
 garbage-first heap   total 268288K, used 79027K [0x0000000080000000, 0x0000000100000000)
  region size 1024K, 4 young (4096K), 4 survivors (4096K)
 Metaspace       used 78437K, committed 79104K, reserved 1179648K
  class space    used 10685K, committed 11008K, reserved 1048576K
}
Event: 12.539 GC heap before
{Heap before GC invocations=38 (full 0):
 garbage-first heap   total 268288K, used 196787K [0x0000000080000000, 0x0000000100000000)
  region size 1024K, 115 young (117760K), 4 survivors (4096K)
 Metaspace       used 82585K, committed 83264K, reserved 1179648K
  class space    used 11169K, committed 11520K, reserved 1048576K
}
Event: 12.552 GC heap after
{Heap after GC invocations=39 (full 0):
 garbage-first heap   total 268288K, used 88572K [0x0000000080000000, 0x0000000100000000)
  region size 1024K, 13 young (13312K), 13 survivors (13312K)
 Metaspace       used 82585K, committed 83264K, reserved 1179648K
  class space    used 11169K, committed 11520K, reserved 1048576K
}
Event: 14.102 GC heap before
{Heap before GC invocations=39 (full 0):
 garbage-first heap   total 268288K, used 203260K [0x0000000080000000, 0x0000000100000000)
  region size 1024K, 124 young (126976K), 13 survivors (13312K)
 Metaspace       used 90282K, committed 91072K, reserved 1179648K
  class space    used 12453K, committed 12864K, reserved 1048576K
}
Event: 14.118 GC heap after
{Heap after GC invocations=40 (full 0):
 garbage-first heap   total 268288K, used 93735K [0x0000000080000000, 0x0000000100000000)
  region size 1024K, 6 young (6144K), 6 survivors (6144K)
 Metaspace       used 90282K, committed 91072K, reserved 1179648K
  class space    used 12453K, committed 12864K, reserved 1048576K
}
Event: 15.304 GC heap before
{Heap before GC invocations=40 (full 0):
 garbage-first heap   total 268288K, used 209447K [0x0000000080000000, 0x0000000100000000)
  region size 1024K, 119 young (121856K), 6 survivors (6144K)
 Metaspace       used 96694K, committed 97472K, reserved 1179648K
  class space    used 13452K, committed 13824K, reserved 1048576K
}
Event: 15.315 GC heap after
{Heap after GC invocations=41 (full 0):
 garbage-first heap   total 268288K, used 99794K [0x0000000080000000, 0x0000000100000000)
  region size 1024K, 12 young (12288K), 12 survivors (12288K)
 Metaspace       used 96694K, committed 97472K, reserved 1179648K
  class space    used 13452K, committed 13824K, reserved 1048576K
}
Event: 16.820 GC heap before
{Heap before GC invocations=41 (full 0):
 garbage-first heap   total 268288K, used 213458K [0x0000000080000000, 0x0000000100000000)
  region size 1024K, 123 young (125952K), 12 survivors (12288K)
 Metaspace       used 103227K, committed 104064K, reserved 1179648K
  class space    used 14443K, committed 14848K, reserved 1048576K
}
Event: 16.839 GC heap after
{Heap after GC invocations=42 (full 0):
 garbage-first heap   total 268288K, used 111243K [0x0000000080000000, 0x0000000100000000)
  region size 1024K, 16 young (16384K), 16 survivors (16384K)
 Metaspace       used 103227K, committed 104064K, reserved 1179648K
  class space    used 14443K, committed 14848K, reserved 1048576K
}
Event: 17.792 GC heap before
{Heap before GC invocations=42 (full 0):
 garbage-first heap   total 268288K, used 213643K [0x0000000080000000, 0x0000000100000000)
  region size 1024K, 116 young (118784K), 16 survivors (16384K)
 Metaspace       used 104349K, committed 105280K, reserved 1179648K
  class space    used 14543K, committed 14976K, reserved 1048576K
}
Event: 17.811 GC heap after
{Heap after GC invocations=43 (full 0):
 garbage-first heap   total 268288K, used 118841K [0x0000000080000000, 0x0000000100000000)
  region size 1024K, 10 young (10240K), 10 survivors (10240K)
 Metaspace       used 104349K, committed 105280K, reserved 1179648K
  class space    used 14543K, committed 14976K, reserved 1048576K
}

