# JRE version: OpenJDK Runtime Environment (17.0.9) (build 17.0.9+0--11185874)
# Java VM: OpenJDK 64-Bit Server VM (17.0.9+0--11185874, mixed mode, tiered, compressed oops, compressed class ptrs, g1 gc, windows-amd64)
GC Precious Log:
 CPUs: 12 total, 12 available
 Memory: 7514M
 Large Page Support: Disabled
 NUMA Support: Disabled
 Compressed Oops: Enabled (32-bit)
 Heap Region Size: 1M
 Heap Min Capacity: 8M
 Heap Initial Capacity: 118M
 Heap Max Capacity: 1880M
 Pre-touch: Disabled
 Parallel Workers: 10
 Concurrent Workers: 3
 Concurrent Refinement Workers: 10
 Periodic GC: Disabled
Heap:
 garbage-first heap   total 120832K, used 62453K [0x000000008a800000, 0x0000000100000000)
  region size 1024K, 1 young (1024K), 1 survivors (1024K)
 Metaspace       used 76907K, committed 77184K, reserved 1179648K
  class space    used 8937K, committed 9088K, reserved 1048576K
GC Heap History (20 events):
Event: 3.397 GC heap after
{Heap after GC invocations=13 (full 0):
 garbage-first heap   total 78848K, used 33531K [0x000000008a800000, 0x0000000100000000)
  region size 1024K, 4 young (4096K), 4 survivors (4096K)
 Metaspace       used 51446K, committed 51712K, reserved 1114112K
  class space    used 6224K, committed 6336K, reserved 1048576K
}
Event: 3.856 GC heap before
{Heap before GC invocations=13 (full 0):
 garbage-first heap   total 78848K, used 58107K [0x000000008a800000, 0x0000000100000000)
  region size 1024K, 28 young (28672K), 4 survivors (4096K)
 Metaspace       used 52376K, committed 52544K, reserved 1114112K
  class space    used 6251K, committed 6336K, reserved 1048576K
}
Event: 3.869 GC heap after
{Heap after GC invocations=14 (full 0):
 garbage-first heap   total 78848K, used 37888K [0x000000008a800000, 0x0000000100000000)
  region size 1024K, 4 young (4096K), 4 survivors (4096K)
 Metaspace       used 52376K, committed 52544K, reserved 1114112K
  class space    used 6251K, committed 6336K, reserved 1048576K
}
Event: 4.135 GC heap before
{Heap before GC invocations=14 (full 0):
 garbage-first heap   total 78848K, used 60416K [0x000000008a800000, 0x0000000100000000)
  region size 1024K, 26 young (26624K), 4 survivors (4096K)
 Metaspace       used 52939K, committed 53120K, reserved 1114112K
  class space    used 6297K, committed 6400K, reserved 1048576K
}
Event: 4.151 GC heap after
{Heap after GC invocations=15 (full 0):
 garbage-first heap   total 78848K, used 42292K [0x000000008a800000, 0x0000000100000000)
  region size 1024K, 4 young (4096K), 4 survivors (4096K)
 Metaspace       used 52939K, committed 53120K, reserved 1114112K
  class space    used 6297K, committed 6400K, reserved 1048576K
}
Event: 4.185 GC heap before
{Heap before GC invocations=15 (full 0):
 garbage-first heap   total 78848K, used 60724K [0x000000008a800000, 0x0000000100000000)
  region size 1024K, 22 young (22528K), 4 survivors (4096K)
 Metaspace       used 52960K, committed 53184K, reserved 1114112K
  class space    used 6297K, committed 6400K, reserved 1048576K
}
Event: 4.193 GC heap after
{Heap after GC invocations=16 (full 0):
 garbage-first heap   total 113664K, used 43139K [0x000000008a800000, 0x0000000100000000)
  region size 1024K, 1 young (1024K), 1 survivors (1024K)
 Metaspace       used 52960K, committed 53184K, reserved 1114112K
  class space    used 6297K, committed 6400K, reserved 1048576K
}
Event: 4.859 GC heap before
{Heap before GC invocations=17 (full 0):
 garbage-first heap   total 113664K, used 85123K [0x000000008a800000, 0x0000000100000000)
  region size 1024K, 42 young (43008K), 1 survivors (1024K)
 Metaspace       used 59047K, committed 59264K, reserved 1114112K
  class space    used 7161K, committed 7232K, reserved 1048576K
}
Event: 4.867 GC heap after
{Heap after GC invocations=18 (full 0):
 garbage-first heap   total 113664K, used 45284K [0x000000008a800000, 0x0000000100000000)
  region size 1024K, 3 young (3072K), 3 survivors (3072K)
 Metaspace       used 59047K, committed 59264K, reserved 1114112K
  class space    used 7161K, committed 7232K, reserved 1048576K
}
Event: 4.899 GC heap before
{Heap before GC invocations=18 (full 0):
 garbage-first heap   total 113664K, used 47332K [0x000000008a800000, 0x0000000100000000)
  region size 1024K, 5 young (5120K), 3 survivors (3072K)
 Metaspace       used 59283K, committed 59520K, reserved 1114112K
  class space    used 7194K, committed 7296K, reserved 1048576K
}
Event: 4.905 GC heap after
{Heap after GC invocations=19 (full 0):
 garbage-first heap   total 113664K, used 45165K [0x000000008a800000, 0x0000000100000000)
  region size 1024K, 1 young (1024K), 1 survivors (1024K)
 Metaspace       used 59283K, committed 59520K, reserved 1114112K
  class space    used 7194K, committed 7296K, reserved 1048576K
}
Event: 6.124 GC heap before
{Heap before GC invocations=19 (full 0):
 garbage-first heap   total 113664K, used 90221K [0x000000008a800000, 0x0000000100000000)
  region size 1024K, 44 young (45056K), 1 survivors (1024K)
 Metaspace       used 64677K, committed 64960K, reserved 1114112K
  class space    used 7693K, committed 7808K, reserved 1048576K
}
Event: 6.136 GC heap after
{Heap after GC invocations=20 (full 0):
 garbage-first heap   total 113664K, used 50368K [0x000000008a800000, 0x0000000100000000)
  region size 1024K, 6 young (6144K), 6 survivors (6144K)
 Metaspace       used 64677K, committed 64960K, reserved 1114112K
  class space    used 7693K, committed 7808K, reserved 1048576K
}
Event: 6.716 GC heap before
{Heap before GC invocations=20 (full 0):
 garbage-first heap   total 113664K, used 88256K [0x000000008a800000, 0x0000000100000000)
  region size 1024K, 43 young (44032K), 6 survivors (6144K)
 Metaspace       used 68843K, committed 69184K, reserved 1114112K
  class space    used 8080K, committed 8256K, reserved 1048576K
}
Event: 6.736 GC heap after
{Heap after GC invocations=21 (full 0):
 garbage-first heap   total 113664K, used 55371K [0x000000008a800000, 0x0000000100000000)
  region size 1024K, 5 young (5120K), 5 survivors (5120K)
 Metaspace       used 68843K, committed 69184K, reserved 1114112K
  class space    used 8080K, committed 8256K, reserved 1048576K
}
Event: 7.170 GC heap before
{Heap before GC invocations=21 (full 0):
 garbage-first heap   total 113664K, used 89163K [0x000000008a800000, 0x0000000100000000)
  region size 1024K, 38 young (38912K), 5 survivors (5120K)
 Metaspace       used 74162K, committed 74432K, reserved 1179648K
  class space    used 8649K, committed 8768K, reserved 1048576K
}
Event: 7.183 GC heap after
{Heap after GC invocations=22 (full 0):
 garbage-first heap   total 113664K, used 59144K [0x000000008a800000, 0x0000000100000000)
  region size 1024K, 4 young (4096K), 4 survivors (4096K)
 Metaspace       used 74162K, committed 74432K, reserved 1179648K
  class space    used 8649K, committed 8768K, reserved 1048576K
}
Event: 7.502 GC heap before
{Heap before GC invocations=23 (full 0):
 garbage-first heap   total 113664K, used 89864K [0x000000008a800000, 0x0000000100000000)
  region size 1024K, 34 young (34816K), 4 survivors (4096K)
 Metaspace       used 76901K, committed 77184K, reserved 1179648K
  class space    used 8937K, committed 9088K, reserved 1048576K
}
Event: 7.514 GC heap after
{Heap after GC invocations=24 (full 0):
 garbage-first heap   total 113664K, used 62715K [0x000000008a800000, 0x0000000100000000)
  region size 1024K, 4 young (4096K), 4 survivors (4096K)
 Metaspace       used 76901K, committed 77184K, reserved 1179648K
  class space    used 8937K, committed 9088K, reserved 1048576K
}
Event: 7.518 GC heap before
{Heap before GC invocations=24 (full 0):
 garbage-first heap   total 113664K, used 63739K [0x000000008a800000, 0x0000000100000000)
  region size 1024K, 5 young (5120K), 4 survivors (4096K)
 Metaspace       used 76907K, committed 77184K, reserved 1179648K
  class space    used 8937K, committed 9088K, reserved 1048576K
}

