# JRE version: OpenJDK Runtime Environment (17.0.9) (build 17.0.9+0--11185874)
# Java VM: OpenJDK 64-Bit Server VM (17.0.9+0--11185874, mixed mode, tiered, compressed oops, compressed class ptrs, g1 gc, windows-amd64)
GC Precious Log:
 CPUs: 12 total, 12 available
 Memory: 7514M
 Large Page Support: Disabled
 NUMA Support: Disabled
 Compressed Oops: Enabled (32-bit)
 Heap Region Size: 1M
 Heap Min Capacity: 8M
 Heap Initial Capacity: 118M
 Heap Max Capacity: 2G
 Pre-touch: Disabled
 Parallel Workers: 10
 Concurrent Workers: 3
 Concurrent Refinement Workers: 10
 Periodic GC: Disabled
Heap:
 garbage-first heap   total 86016K, used 59149K [0x0000000080000000, 0x0000000100000000)
  region size 1024K, 32 young (32768K), 3 survivors (3072K)
 Metaspace       used 48979K, committed 49472K, reserved 1114112K
  class space    used 6617K, committed 6848K, reserved 1048576K
GC Heap History (18 events):
Event: 0.792 GC heap before
{Heap before GC invocations=0 (full 0):
 garbage-first heap   total 120832K, used 26624K [0x0000000080000000, 0x0000000100000000)
  region size 1024K, 23 young (23552K), 0 survivors (0K)
 Metaspace       used 10510K, committed 10624K, reserved 1114112K
  class space    used 1091K, committed 1152K, reserved 1048576K
}
Event: 0.800 GC heap after
{Heap after GC invocations=1 (full 0):
 garbage-first heap   total 120832K, used 10920K [0x0000000080000000, 0x0000000100000000)
  region size 1024K, 3 young (3072K), 3 survivors (3072K)
 Metaspace       used 10510K, committed 10624K, reserved 1114112K
  class space    used 1091K, committed 1152K, reserved 1048576K
}
Event: 1.200 GC heap before
{Heap before GC invocations=1 (full 0):
 garbage-first heap   total 120832K, used 38568K [0x0000000080000000, 0x0000000100000000)
  region size 1024K, 30 young (30720K), 3 survivors (3072K)
 Metaspace       used 11458K, committed 11648K, reserved 1114112K
  class space    used 1197K, committed 1280K, reserved 1048576K
}
Event: 1.206 GC heap after
{Heap after GC invocations=2 (full 0):
 garbage-first heap   total 120832K, used 12625K [0x0000000080000000, 0x0000000100000000)
  region size 1024K, 2 young (2048K), 2 survivors (2048K)
 Metaspace       used 11458K, committed 11648K, reserved 1114112K
  class space    used 1197K, committed 1280K, reserved 1048576K
}
Event: 2.476 GC heap before
{Heap before GC invocations=2 (full 0):
 garbage-first heap   total 120832K, used 59729K [0x0000000080000000, 0x0000000100000000)
  region size 1024K, 48 young (49152K), 2 survivors (2048K)
 Metaspace       used 21307K, committed 21504K, reserved 1114112K
  class space    used 2519K, committed 2624K, reserved 1048576K
}
Event: 2.483 GC heap after
{Heap after GC invocations=3 (full 0):
 garbage-first heap   total 120832K, used 19486K [0x0000000080000000, 0x0000000100000000)
  region size 1024K, 9 young (9216K), 9 survivors (9216K)
 Metaspace       used 21307K, committed 21504K, reserved 1114112K
  class space    used 2519K, committed 2624K, reserved 1048576K
}
Event: 3.141 GC heap before
{Heap before GC invocations=4 (full 0):
 garbage-first heap   total 71680K, used 53278K [0x0000000080000000, 0x0000000100000000)
  region size 1024K, 42 young (43008K), 9 survivors (9216K)
 Metaspace       used 26565K, committed 26816K, reserved 1114112K
  class space    used 3425K, committed 3520K, reserved 1048576K
}
Event: 3.149 GC heap after
{Heap after GC invocations=5 (full 0):
 garbage-first heap   total 71680K, used 21156K [0x0000000080000000, 0x0000000100000000)
  region size 1024K, 2 young (2048K), 2 survivors (2048K)
 Metaspace       used 26565K, committed 26816K, reserved 1114112K
  class space    used 3425K, committed 3520K, reserved 1048576K
}
Event: 3.632 GC heap before
{Heap before GC invocations=5 (full 0):
 garbage-first heap   total 71680K, used 48804K [0x0000000080000000, 0x0000000100000000)
  region size 1024K, 30 young (30720K), 2 survivors (2048K)
 Metaspace       used 30519K, committed 30848K, reserved 1114112K
  class space    used 4064K, committed 4224K, reserved 1048576K
}
Event: 3.635 GC heap after
{Heap after GC invocations=6 (full 0):
 garbage-first heap   total 71680K, used 22631K [0x0000000080000000, 0x0000000100000000)
  region size 1024K, 4 young (4096K), 4 survivors (4096K)
 Metaspace       used 30519K, committed 30848K, reserved 1114112K
  class space    used 4064K, committed 4224K, reserved 1048576K
}
Event: 4.034 GC heap before
{Heap before GC invocations=6 (full 0):
 garbage-first heap   total 71680K, used 52327K [0x0000000080000000, 0x0000000100000000)
  region size 1024K, 33 young (33792K), 4 survivors (4096K)
 Metaspace       used 34078K, committed 34432K, reserved 1114112K
  class space    used 4652K, committed 4800K, reserved 1048576K
}
Event: 4.039 GC heap after
{Heap after GC invocations=7 (full 0):
 garbage-first heap   total 71680K, used 24052K [0x0000000080000000, 0x0000000100000000)
  region size 1024K, 4 young (4096K), 4 survivors (4096K)
 Metaspace       used 34078K, committed 34432K, reserved 1114112K
  class space    used 4652K, committed 4800K, reserved 1048576K
}
Event: 4.183 GC heap before
{Heap before GC invocations=7 (full 0):
 garbage-first heap   total 71680K, used 32244K [0x0000000080000000, 0x0000000100000000)
  region size 1024K, 14 young (14336K), 4 survivors (4096K)
 Metaspace       used 35787K, committed 36096K, reserved 1114112K
  class space    used 4883K, committed 5056K, reserved 1048576K
}
Event: 4.187 GC heap after
{Heap after GC invocations=8 (full 0):
 garbage-first heap   total 86016K, used 24392K [0x0000000080000000, 0x0000000100000000)
  region size 1024K, 2 young (2048K), 2 survivors (2048K)
 Metaspace       used 35787K, committed 36096K, reserved 1114112K
  class space    used 4883K, committed 5056K, reserved 1048576K
}
Event: 4.697 GC heap before
{Heap before GC invocations=9 (full 0):
 garbage-first heap   total 86016K, used 64328K [0x0000000080000000, 0x0000000100000000)
  region size 1024K, 42 young (43008K), 2 survivors (2048K)
 Metaspace       used 41444K, committed 41856K, reserved 1114112K
  class space    used 5512K, committed 5696K, reserved 1048576K
}
Event: 4.702 GC heap after
{Heap after GC invocations=10 (full 0):
 garbage-first heap   total 86016K, used 28598K [0x0000000080000000, 0x0000000100000000)
  region size 1024K, 6 young (6144K), 6 survivors (6144K)
 Metaspace       used 41444K, committed 41856K, reserved 1114112K
  class space    used 5512K, committed 5696K, reserved 1048576K
}
Event: 5.263 GC heap before
{Heap before GC invocations=10 (full 0):
 garbage-first heap   total 86016K, used 66486K [0x0000000080000000, 0x0000000100000000)
  region size 1024K, 42 young (43008K), 6 survivors (6144K)
 Metaspace       used 45397K, committed 45760K, reserved 1114112K
  class space    used 6049K, committed 6208K, reserved 1048576K
}
Event: 5.269 GC heap after
{Heap after GC invocations=11 (full 0):
 garbage-first heap   total 86016K, used 30477K [0x0000000080000000, 0x0000000100000000)
  region size 1024K, 3 young (3072K), 3 survivors (3072K)
 Metaspace       used 45397K, committed 45760K, reserved 1114112K
  class space    used 6049K, committed 6208K, reserved 1048576K
}

