# JRE version: OpenJDK Runtime Environment (17.0.9) (build 17.0.9+0--11185874)
# Java VM: OpenJDK 64-Bit Server VM (17.0.9+0--11185874, mixed mode, tiered, compressed oops, compressed class ptrs, g1 gc, windows-amd64)
GC Precious Log:
 CPUs: 12 total, 12 available
 Memory: 7514M
 Large Page Support: Disabled
 NUMA Support: Disabled
 Compressed Oops: Enabled (32-bit)
 Heap Region Size: 1M
 Heap Min Capacity: 8M
 Heap Initial Capacity: 118M
 Heap Max Capacity: 2G
 Pre-touch: Disabled
 Parallel Workers: 10
 Concurrent Workers: 3
 Concurrent Refinement Workers: 10
 Periodic GC: Disabled
Heap:
 garbage-first heap   total 225280K, used 143809K [0x0000000080000000, 0x0000000100000000)
  region size 1024K, 5 young (5120K), 5 survivors (5120K)
 Metaspace       used 112870K, committed 113792K, reserved 1179648K
  class space    used 15555K, committed 16000K, reserved 1048576K
GC Heap History (20 events):
Event: 13.365 GC heap after
{Heap after GC invocations=33 (full 0):
 garbage-first heap   total 187392K, used 94055K [0x0000000080000000, 0x0000000100000000)
  region size 1024K, 6 young (6144K), 6 survivors (6144K)
 Metaspace       used 89690K, committed 90304K, reserved 1179648K
  class space    used 12103K, committed 12352K, reserved 1048576K
}
Event: 13.423 GC heap before
{Heap before GC invocations=33 (full 0):
 garbage-first heap   total 187392K, used 98151K [0x0000000080000000, 0x0000000100000000)
  region size 1024K, 11 young (11264K), 6 survivors (6144K)
 Metaspace       used 89957K, committed 90560K, reserved 1179648K
  class space    used 12137K, committed 12416K, reserved 1048576K
}
Event: 13.427 GC heap after
{Heap after GC invocations=34 (full 0):
 garbage-first heap   total 225280K, used 94700K [0x0000000080000000, 0x0000000100000000)
  region size 1024K, 2 young (2048K), 2 survivors (2048K)
 Metaspace       used 89957K, committed 90560K, reserved 1179648K
  class space    used 12137K, committed 12416K, reserved 1048576K
}
Event: 14.522 GC heap before
{Heap before GC invocations=34 (full 0):
 garbage-first heap   total 225280K, used 175596K [0x0000000080000000, 0x0000000100000000)
  region size 1024K, 80 young (81920K), 2 survivors (2048K)
 Metaspace       used 95502K, committed 96192K, reserved 1179648K
  class space    used 13102K, committed 13376K, reserved 1048576K
}
Event: 14.525 GC heap after
{Heap after GC invocations=35 (full 0):
 garbage-first heap   total 225280K, used 96598K [0x0000000080000000, 0x0000000100000000)
  region size 1024K, 3 young (3072K), 3 survivors (3072K)
 Metaspace       used 95502K, committed 96192K, reserved 1179648K
  class space    used 13102K, committed 13376K, reserved 1048576K
}
Event: 15.396 GC heap before
{Heap before GC invocations=35 (full 0):
 garbage-first heap   total 225280K, used 181590K [0x0000000080000000, 0x0000000100000000)
  region size 1024K, 86 young (88064K), 3 survivors (3072K)
 Metaspace       used 99489K, committed 100352K, reserved 1179648K
  class space    used 13700K, committed 14080K, reserved 1048576K
}
Event: 15.403 GC heap after
{Heap after GC invocations=36 (full 0):
 garbage-first heap   total 225280K, used 102348K [0x0000000080000000, 0x0000000100000000)
  region size 1024K, 9 young (9216K), 9 survivors (9216K)
 Metaspace       used 99489K, committed 100352K, reserved 1179648K
  class space    used 13700K, committed 14080K, reserved 1048576K
}
Event: 16.297 GC heap before
{Heap before GC invocations=36 (full 0):
 garbage-first heap   total 225280K, used 170956K [0x0000000080000000, 0x0000000100000000)
  region size 1024K, 77 young (78848K), 9 survivors (9216K)
 Metaspace       used 105257K, committed 106048K, reserved 1179648K
  class space    used 14515K, committed 14848K, reserved 1048576K
}
Event: 16.308 GC heap after
{Heap after GC invocations=37 (full 0):
 garbage-first heap   total 225280K, used 105929K [0x0000000080000000, 0x0000000100000000)
  region size 1024K, 4 young (4096K), 4 survivors (4096K)
 Metaspace       used 105257K, committed 106048K, reserved 1179648K
  class space    used 14515K, committed 14848K, reserved 1048576K
}
Event: 17.332 GC heap before
{Heap before GC invocations=38 (full 0):
 garbage-first heap   total 225280K, used 183753K [0x0000000080000000, 0x0000000100000000)
  region size 1024K, 81 young (82944K), 4 survivors (4096K)
 Metaspace       used 108720K, committed 109632K, reserved 1179648K
  class space    used 15168K, committed 15616K, reserved 1048576K
}
Event: 17.343 GC heap after
{Heap after GC invocations=39 (full 0):
 garbage-first heap   total 225280K, used 115058K [0x0000000080000000, 0x0000000100000000)
  region size 1024K, 11 young (11264K), 11 survivors (11264K)
 Metaspace       used 108720K, committed 109632K, reserved 1179648K
  class space    used 15168K, committed 15616K, reserved 1048576K
}
Event: 17.348 GC heap before
{Heap before GC invocations=39 (full 0):
 garbage-first heap   total 225280K, used 116082K [0x0000000080000000, 0x0000000100000000)
  region size 1024K, 12 young (12288K), 11 survivors (11264K)
 Metaspace       used 108724K, committed 109632K, reserved 1179648K
  class space    used 15168K, committed 15616K, reserved 1048576K
}
Event: 17.359 GC heap after
{Heap after GC invocations=40 (full 0):
 garbage-first heap   total 225280K, used 115597K [0x0000000080000000, 0x0000000100000000)
  region size 1024K, 2 young (2048K), 2 survivors (2048K)
 Metaspace       used 108724K, committed 109632K, reserved 1179648K
  class space    used 15168K, committed 15616K, reserved 1048576K
}
Event: 17.901 GC heap before
{Heap before GC invocations=40 (full 0):
 garbage-first heap   total 225280K, used 183181K [0x0000000080000000, 0x0000000100000000)
  region size 1024K, 68 young (69632K), 2 survivors (2048K)
 Metaspace       used 109360K, committed 110272K, reserved 1179648K
  class space    used 15266K, committed 15680K, reserved 1048576K
}
Event: 17.907 GC heap after
{Heap after GC invocations=41 (full 0):
 garbage-first heap   total 225280K, used 119782K [0x0000000080000000, 0x0000000100000000)
  region size 1024K, 6 young (6144K), 6 survivors (6144K)
 Metaspace       used 109360K, committed 110272K, reserved 1179648K
  class space    used 15266K, committed 15680K, reserved 1048576K
}
Event: 18.633 GC heap before
{Heap before GC invocations=42 (full 0):
 garbage-first heap   total 225280K, used 191462K [0x0000000080000000, 0x0000000100000000)
  region size 1024K, 69 young (70656K), 6 survivors (6144K)
 Metaspace       used 112368K, committed 113216K, reserved 1179648K
  class space    used 15534K, committed 15872K, reserved 1048576K
}
Event: 18.655 GC heap after
{Heap after GC invocations=43 (full 0):
 garbage-first heap   total 225280K, used 141076K [0x0000000080000000, 0x0000000100000000)
  region size 1024K, 9 young (9216K), 9 survivors (9216K)
 Metaspace       used 112368K, committed 113216K, reserved 1179648K
  class space    used 15534K, committed 15872K, reserved 1048576K
}
Event: 18.762 GC heap before
{Heap before GC invocations=43 (full 0):
 garbage-first heap   total 225280K, used 143124K [0x0000000080000000, 0x0000000100000000)
  region size 1024K, 11 young (11264K), 9 survivors (9216K)
 Metaspace       used 112376K, committed 113216K, reserved 1179648K
  class space    used 15534K, committed 15872K, reserved 1048576K
}
Event: 18.771 GC heap after
{Heap after GC invocations=44 (full 0):
 garbage-first heap   total 225280K, used 141045K [0x0000000080000000, 0x0000000100000000)
  region size 1024K, 2 young (2048K), 2 survivors (2048K)
 Metaspace       used 112376K, committed 113216K, reserved 1179648K
  class space    used 15534K, committed 15872K, reserved 1048576K
}
Event: 19.629 GC heap before
{Heap before GC invocations=44 (full 0):
 garbage-first heap   total 225280K, used 173813K [0x0000000080000000, 0x0000000100000000)
  region size 1024K, 34 young (34816K), 2 survivors (2048K)
 Metaspace       used 112870K, committed 113792K, reserved 1179648K
  class space    used 15555K, committed 16000K, reserved 1048576K
}

