# JRE version: OpenJDK Runtime Environment (17.0.9) (build 17.0.9+0--11185874)
# Java VM: OpenJDK 64-Bit Server VM (17.0.9+0--11185874, mixed mode, tiered, compressed oops, compressed class ptrs, g1 gc, windows-amd64)
GC Precious Log:
 CPUs: 12 total, 12 available
 Memory: 7514M
 Large Page Support: Disabled
 NUMA Support: Disabled
 Compressed Oops: Enabled (32-bit)
 Heap Region Size: 1M
 Heap Min Capacity: 8M
 Heap Initial Capacity: 118M
 Heap Max Capacity: 1880M
 Pre-touch: Disabled
 Parallel Workers: 10
 Concurrent Workers: 3
 Concurrent Refinement Workers: 10
 Periodic GC: Disabled
Heap:
 garbage-first heap   total 154624K, used 92953K [0x000000008a800000, 0x0000000100000000)
  region size 1024K, 42 young (43008K), 1 survivors (1024K)
 Metaspace       used 70477K, committed 70784K, reserved 1114112K
  class space    used 8280K, committed 8448K, reserved 1048576K
GC Heap History (20 events):
Event: 2.225 GC heap before
{Heap before GC invocations=7 (full 0):
 garbage-first heap   total 70656K, used 37725K [0x000000008a800000, 0x0000000100000000)
  region size 1024K, 19 young (19456K), 1 survivors (1024K)
 Metaspace       used 35754K, committed 35968K, reserved 1114112K
  class space    used 4525K, committed 4672K, reserved 1048576K
}
Event: 2.232 GC heap after
{Heap after GC invocations=8 (full 0):
 garbage-first heap   total 70656K, used 20318K [0x000000008a800000, 0x0000000100000000)
  region size 1024K, 3 young (3072K), 3 survivors (3072K)
 Metaspace       used 35754K, committed 35968K, reserved 1114112K
  class space    used 4525K, committed 4672K, reserved 1048576K
}
Event: 2.667 GC heap before
{Heap before GC invocations=9 (full 0):
 garbage-first heap   total 70656K, used 51038K [0x000000008a800000, 0x0000000100000000)
  region size 1024K, 33 young (33792K), 3 survivors (3072K)
 Metaspace       used 42380K, committed 42560K, reserved 1114112K
  class space    used 5191K, committed 5312K, reserved 1048576K
}
Event: 2.675 GC heap after
{Heap after GC invocations=10 (full 0):
 garbage-first heap   total 70656K, used 22931K [0x000000008a800000, 0x0000000100000000)
  region size 1024K, 5 young (5120K), 5 survivors (5120K)
 Metaspace       used 42380K, committed 42560K, reserved 1114112K
  class space    used 5191K, committed 5312K, reserved 1048576K
}
Event: 3.125 GC heap before
{Heap before GC invocations=10 (full 0):
 garbage-first heap   total 70656K, used 54675K [0x000000008a800000, 0x0000000100000000)
  region size 1024K, 33 young (33792K), 5 survivors (5120K)
 Metaspace       used 47007K, committed 47232K, reserved 1114112K
  class space    used 5716K, committed 5824K, reserved 1048576K
}
Event: 3.140 GC heap after
{Heap after GC invocations=11 (full 0):
 garbage-first heap   total 70656K, used 29246K [0x000000008a800000, 0x0000000100000000)
  region size 1024K, 5 young (5120K), 5 survivors (5120K)
 Metaspace       used 47007K, committed 47232K, reserved 1114112K
  class space    used 5716K, committed 5824K, reserved 1048576K
}
Event: 3.242 GC heap before
{Heap before GC invocations=11 (full 0):
 garbage-first heap   total 70656K, used 52798K [0x000000008a800000, 0x0000000100000000)
  region size 1024K, 28 young (28672K), 5 survivors (5120K)
 Metaspace       used 47380K, committed 47552K, reserved 1114112K
  class space    used 5752K, committed 5824K, reserved 1048576K
}
Event: 3.250 GC heap after
{Heap after GC invocations=12 (full 0):
 garbage-first heap   total 84992K, used 31486K [0x000000008a800000, 0x0000000100000000)
  region size 1024K, 2 young (2048K), 2 survivors (2048K)
 Metaspace       used 47380K, committed 47552K, reserved 1114112K
  class space    used 5752K, committed 5824K, reserved 1048576K
}
Event: 3.935 GC heap before
{Heap before GC invocations=12 (full 0):
 garbage-first heap   total 84992K, used 64254K [0x000000008a800000, 0x0000000100000000)
  region size 1024K, 34 young (34816K), 2 survivors (2048K)
 Metaspace       used 52242K, committed 52480K, reserved 1114112K
  class space    used 6246K, committed 6336K, reserved 1048576K
}
Event: 3.949 GC heap after
{Heap after GC invocations=13 (full 0):
 garbage-first heap   total 84992K, used 36269K [0x000000008a800000, 0x0000000100000000)
  region size 1024K, 5 young (5120K), 5 survivors (5120K)
 Metaspace       used 52242K, committed 52480K, reserved 1114112K
  class space    used 6246K, committed 6336K, reserved 1048576K
}
Event: 4.368 GC heap before
{Heap before GC invocations=13 (full 0):
 garbage-first heap   total 84992K, used 63917K [0x000000008a800000, 0x0000000100000000)
  region size 1024K, 32 young (32768K), 5 survivors (5120K)
 Metaspace       used 52769K, committed 52992K, reserved 1114112K
  class space    used 6272K, committed 6400K, reserved 1048576K
}
Event: 4.387 GC heap after
{Heap after GC invocations=14 (full 0):
 garbage-first heap   total 84992K, used 41521K [0x000000008a800000, 0x0000000100000000)
  region size 1024K, 4 young (4096K), 4 survivors (4096K)
 Metaspace       used 52769K, committed 52992K, reserved 1114112K
  class space    used 6272K, committed 6400K, reserved 1048576K
}
Event: 4.445 GC heap before
{Heap before GC invocations=14 (full 0):
 garbage-first heap   total 84992K, used 65073K [0x000000008a800000, 0x0000000100000000)
  region size 1024K, 27 young (27648K), 4 survivors (4096K)
 Metaspace       used 52978K, committed 53184K, reserved 1114112K
  class space    used 6292K, committed 6400K, reserved 1048576K
}
Event: 4.455 GC heap after
{Heap after GC invocations=15 (full 0):
 garbage-first heap   total 84992K, used 42975K [0x000000008a800000, 0x0000000100000000)
  region size 1024K, 1 young (1024K), 1 survivors (1024K)
 Metaspace       used 52978K, committed 53184K, reserved 1114112K
  class space    used 6292K, committed 6400K, reserved 1048576K
}
Event: 4.714 GC heap before
{Heap before GC invocations=15 (full 0):
 garbage-first heap   total 84992K, used 65503K [0x000000008a800000, 0x0000000100000000)
  region size 1024K, 24 young (24576K), 1 survivors (1024K)
 Metaspace       used 55616K, committed 55872K, reserved 1114112K
  class space    used 6609K, committed 6720K, reserved 1048576K
}
Event: 4.720 GC heap after
{Heap after GC invocations=16 (full 0):
 garbage-first heap   total 154624K, used 43840K [0x000000008a800000, 0x0000000100000000)
  region size 1024K, 2 young (2048K), 2 survivors (2048K)
 Metaspace       used 55616K, committed 55872K, reserved 1114112K
  class space    used 6609K, committed 6720K, reserved 1048576K
}
Event: 6.391 GC heap before
{Heap before GC invocations=17 (full 0):
 garbage-first heap   total 154624K, used 114496K [0x000000008a800000, 0x0000000100000000)
  region size 1024K, 70 young (71680K), 2 survivors (2048K)
 Metaspace       used 65607K, committed 65920K, reserved 1114112K
  class space    used 7789K, committed 7936K, reserved 1048576K
}
Event: 6.404 GC heap after
{Heap after GC invocations=18 (full 0):
 garbage-first heap   total 154624K, used 51918K [0x000000008a800000, 0x0000000100000000)
  region size 1024K, 9 young (9216K), 9 survivors (9216K)
 Metaspace       used 65607K, committed 65920K, reserved 1114112K
  class space    used 7789K, committed 7936K, reserved 1048576K
}
Event: 6.418 GC heap before
{Heap before GC invocations=18 (full 0):
 garbage-first heap   total 154624K, used 51918K [0x000000008a800000, 0x0000000100000000)
  region size 1024K, 10 young (10240K), 9 survivors (9216K)
 Metaspace       used 65714K, committed 65984K, reserved 1114112K
  class space    used 7799K, committed 7936K, reserved 1048576K
}
Event: 6.427 GC heap after
{Heap after GC invocations=19 (full 0):
 garbage-first heap   total 154624K, used 51993K [0x000000008a800000, 0x0000000100000000)
  region size 1024K, 1 young (1024K), 1 survivors (1024K)
 Metaspace       used 65714K, committed 65984K, reserved 1114112K
  class space    used 7799K, committed 7936K, reserved 1048576K
}

