# JRE version: OpenJDK Runtime Environment (17.0.9) (build 17.0.9+0--11185874)
# Java VM: OpenJDK 64-Bit Server VM (17.0.9+0--11185874, mixed mode, tiered, compressed oops, compressed class ptrs, g1 gc, windows-amd64)
GC Precious Log:
 CPUs: 12 total, 12 available
 Memory: 7514M
 Large Page Support: Disabled
 NUMA Support: Disabled
 Compressed Oops: Enabled (32-bit)
 Heap Region Size: 1M
 Heap Min Capacity: 8M
 Heap Initial Capacity: 118M
 Heap Max Capacity: 2G
 Pre-touch: Disabled
 Parallel Workers: 10
 Concurrent Workers: 3
 Concurrent Refinement Workers: 10
 Periodic GC: Disabled
Heap:
 garbage-first heap   total 276480K, used 163421K [0x0000000080000000, 0x0000000100000000)
  region size 1024K, 10 young (10240K), 10 survivors (10240K)
 Metaspace       used 122033K, committed 123008K, reserved 1179648K
  class space    used 16855K, committed 17344K, reserved 1048576K
GC Heap History (20 events):
Event: 17.566 GC heap after
{Heap after GC invocations=43 (full 0):
 garbage-first heap   total 230400K, used 123766K [0x0000000080000000, 0x0000000100000000)
  region size 1024K, 7 young (7168K), 7 survivors (7168K)
 Metaspace       used 104578K, committed 105472K, reserved 1179648K
  class space    used 14557K, committed 14976K, reserved 1048576K
}
Event: 18.040 GC heap before
{Heap before GC invocations=43 (full 0):
 garbage-first heap   total 230400K, used 187254K [0x0000000080000000, 0x0000000100000000)
  region size 1024K, 70 young (71680K), 7 survivors (7168K)
 Metaspace       used 104816K, committed 105664K, reserved 1179648K
  class space    used 14591K, committed 14976K, reserved 1048576K
}
Event: 18.048 GC heap after
{Heap after GC invocations=44 (full 0):
 garbage-first heap   total 230400K, used 128075K [0x0000000080000000, 0x0000000100000000)
  region size 1024K, 7 young (7168K), 7 survivors (7168K)
 Metaspace       used 104816K, committed 105664K, reserved 1179648K
  class space    used 14591K, committed 14976K, reserved 1048576K
}
Event: 18.441 GC heap before
{Heap before GC invocations=44 (full 0):
 garbage-first heap   total 230400K, used 193611K [0x0000000080000000, 0x0000000100000000)
  region size 1024K, 67 young (68608K), 7 survivors (7168K)
 Metaspace       used 106654K, committed 107520K, reserved 1179648K
  class space    used 14764K, committed 15168K, reserved 1048576K
}
Event: 18.452 GC heap after
{Heap after GC invocations=45 (full 0):
 garbage-first heap   total 230400K, used 134004K [0x0000000080000000, 0x0000000100000000)
  region size 1024K, 8 young (8192K), 8 survivors (8192K)
 Metaspace       used 106654K, committed 107520K, reserved 1179648K
  class space    used 14764K, committed 15168K, reserved 1048576K
}
Event: 18.787 GC heap before
{Heap before GC invocations=45 (full 0):
 garbage-first heap   total 230400K, used 188276K [0x0000000080000000, 0x0000000100000000)
  region size 1024K, 62 young (63488K), 8 survivors (8192K)
 Metaspace       used 107248K, committed 108096K, reserved 1179648K
  class space    used 14806K, committed 15232K, reserved 1048576K
}
Event: 18.797 GC heap after
{Heap after GC invocations=46 (full 0):
 garbage-first heap   total 276480K, used 137362K [0x0000000080000000, 0x0000000100000000)
  region size 1024K, 4 young (4096K), 4 survivors (4096K)
 Metaspace       used 107248K, committed 108096K, reserved 1179648K
  class space    used 14806K, committed 15232K, reserved 1048576K
}
Event: 19.648 GC heap before
{Heap before GC invocations=46 (full 0):
 garbage-first heap   total 276480K, used 193682K [0x0000000080000000, 0x0000000100000000)
  region size 1024K, 61 young (62464K), 4 survivors (4096K)
 Metaspace       used 108908K, committed 109696K, reserved 1179648K
  class space    used 15039K, committed 15424K, reserved 1048576K
}
Event: 19.656 GC heap after
{Heap after GC invocations=47 (full 0):
 garbage-first heap   total 276480K, used 139065K [0x0000000080000000, 0x0000000100000000)
  region size 1024K, 6 young (6144K), 6 survivors (6144K)
 Metaspace       used 108908K, committed 109696K, reserved 1179648K
  class space    used 15039K, committed 15424K, reserved 1048576K
}
Event: 21.209 GC heap before
{Heap before GC invocations=48 (full 0):
 garbage-first heap   total 276480K, used 227129K [0x0000000080000000, 0x0000000100000000)
  region size 1024K, 91 young (93184K), 6 survivors (6144K)
 Metaspace       used 116235K, committed 117120K, reserved 1179648K
  class space    used 15925K, committed 16320K, reserved 1048576K
}
Event: 21.216 GC heap after
{Heap after GC invocations=49 (full 0):
 garbage-first heap   total 276480K, used 143442K [0x0000000080000000, 0x0000000100000000)
  region size 1024K, 8 young (8192K), 8 survivors (8192K)
 Metaspace       used 116235K, committed 117120K, reserved 1179648K
  class space    used 15925K, committed 16320K, reserved 1048576K
}
Event: 21.235 GC heap before
{Heap before GC invocations=49 (full 0):
 garbage-first heap   total 276480K, used 147538K [0x0000000080000000, 0x0000000100000000)
  region size 1024K, 13 young (13312K), 8 survivors (8192K)
 Metaspace       used 116235K, committed 117120K, reserved 1179648K
  class space    used 15925K, committed 16320K, reserved 1048576K
}
Event: 21.242 GC heap after
{Heap after GC invocations=50 (full 0):
 garbage-first heap   total 276480K, used 138131K [0x0000000080000000, 0x0000000100000000)
  region size 1024K, 2 young (2048K), 2 survivors (2048K)
 Metaspace       used 116235K, committed 117120K, reserved 1179648K
  class space    used 15925K, committed 16320K, reserved 1048576K
}
Event: 21.767 GC heap before
{Heap before GC invocations=50 (full 0):
 garbage-first heap   total 276480K, used 227219K [0x0000000080000000, 0x0000000100000000)
  region size 1024K, 90 young (92160K), 2 survivors (2048K)
 Metaspace       used 117176K, committed 118080K, reserved 1179648K
  class space    used 16110K, committed 16512K, reserved 1048576K
}
Event: 21.774 GC heap after
{Heap after GC invocations=51 (full 0):
 garbage-first heap   total 276480K, used 143125K [0x0000000080000000, 0x0000000100000000)
  region size 1024K, 7 young (7168K), 7 survivors (7168K)
 Metaspace       used 117176K, committed 118080K, reserved 1179648K
  class space    used 16110K, committed 16512K, reserved 1048576K
}
Event: 22.237 GC heap before
{Heap before GC invocations=52 (full 0):
 garbage-first heap   total 276480K, used 232213K [0x0000000080000000, 0x0000000100000000)
  region size 1024K, 91 young (93184K), 7 survivors (7168K)
 Metaspace       used 119191K, committed 120128K, reserved 1179648K
  class space    used 16402K, committed 16896K, reserved 1048576K
}
Event: 22.253 GC heap after
{Heap after GC invocations=53 (full 0):
 garbage-first heap   total 276480K, used 152620K [0x0000000080000000, 0x0000000100000000)
  region size 1024K, 12 young (12288K), 12 survivors (12288K)
 Metaspace       used 119191K, committed 120128K, reserved 1179648K
  class space    used 16402K, committed 16896K, reserved 1048576K
}
Event: 22.258 GC heap before
{Heap before GC invocations=53 (full 0):
 garbage-first heap   total 276480K, used 153644K [0x0000000080000000, 0x0000000100000000)
  region size 1024K, 13 young (13312K), 12 survivors (12288K)
 Metaspace       used 119200K, committed 120192K, reserved 1179648K
  class space    used 16402K, committed 16896K, reserved 1048576K
}
Event: 22.332 GC heap after
{Heap after GC invocations=54 (full 0):
 garbage-first heap   total 276480K, used 151756K [0x0000000080000000, 0x0000000100000000)
  region size 1024K, 2 young (2048K), 2 survivors (2048K)
 Metaspace       used 119200K, committed 120192K, reserved 1179648K
  class space    used 16402K, committed 16896K, reserved 1048576K
}
Event: 22.872 GC heap before
{Heap before GC invocations=54 (full 0):
 garbage-first heap   total 276480K, used 227532K [0x0000000080000000, 0x0000000100000000)
  region size 1024K, 77 young (78848K), 2 survivors (2048K)
 Metaspace       used 122033K, committed 123008K, reserved 1179648K
  class space    used 16855K, committed 17344K, reserved 1048576K
}

