# JRE version: OpenJDK Runtime Environment (17.0.10) (build 17.0.10+0--11572160)
# Java VM: OpenJDK 64-Bit Server VM (17.0.10+0--11572160, mixed mode, tiered, compressed oops, compressed class ptrs, g1 gc, windows-amd64)
GC Precious Log:
 CPUs: 12 total, 12 available
 Memory: 7514M
 Large Page Support: Disabled
 NUMA Support: Disabled
 Compressed Oops: Enabled (32-bit)
 Heap Region Size: 1M
 Heap Min Capacity: 8M
 Heap Initial Capacity: 118M
 Heap Max Capacity: 2G
 Pre-touch: Disabled
 Parallel Workers: 10
 Concurrent Workers: 3
 Concurrent Refinement Workers: 10
 Periodic GC: Disabled
Heap:
 garbage-first heap   total 476160K, used 186324K [0x0000000080000000, 0x0000000100000000)
  region size 1024K, 10 young (10240K), 10 survivors (10240K)
 Metaspace       used 180562K, committed 181888K, reserved 1245184K
  class space    used 24452K, committed 25152K, reserved 1048576K
GC Heap History (20 events):
Event: 1412.186 GC heap after
{Heap after GC invocations=84 (full 0):
 garbage-first heap   total 476160K, used 178583K [0x0000000080000000, 0x0000000100000000)
  region size 1024K, 3 young (3072K), 3 survivors (3072K)
 Metaspace       used 178053K, committed 179200K, reserved 1245184K
  class space    used 24375K, committed 24960K, reserved 1048576K
}
Event: 1417.978 GC heap before
{Heap before GC invocations=84 (full 0):
 garbage-first heap   total 476160K, used 372119K [0x0000000080000000, 0x0000000100000000)
  region size 1024K, 194 young (198656K), 3 survivors (3072K)
 Metaspace       used 178956K, committed 180160K, reserved 1245184K
  class space    used 24427K, committed 25024K, reserved 1048576K
}
Event: 1418.059 GC heap after
{Heap after GC invocations=85 (full 0):
 garbage-first heap   total 476160K, used 194252K [0x0000000080000000, 0x0000000100000000)
  region size 1024K, 19 young (19456K), 19 survivors (19456K)
 Metaspace       used 178956K, committed 180160K, reserved 1245184K
  class space    used 24427K, committed 25024K, reserved 1048576K
}
Event: 1768.045 GC heap before
{Heap before GC invocations=86 (full 0):
 garbage-first heap   total 476160K, used 438988K [0x0000000080000000, 0x0000000100000000)
  region size 1024K, 181 young (185344K), 19 survivors (19456K)
 Metaspace       used 179447K, committed 180672K, reserved 1245184K
  class space    used 24471K, committed 25088K, reserved 1048576K
}
Event: 1768.145 GC heap after
{Heap after GC invocations=87 (full 0):
 garbage-first heap   total 476160K, used 201862K [0x0000000080000000, 0x0000000100000000)
  region size 1024K, 14 young (14336K), 14 survivors (14336K)
 Metaspace       used 179447K, committed 180672K, reserved 1245184K
  class space    used 24471K, committed 25088K, reserved 1048576K
}
Event: 1768.303 GC heap before
{Heap before GC invocations=87 (full 0):
 garbage-first heap   total 476160K, used 210054K [0x0000000080000000, 0x0000000100000000)
  region size 1024K, 23 young (23552K), 14 survivors (14336K)
 Metaspace       used 179471K, committed 180736K, reserved 1245184K
  class space    used 24475K, committed 25088K, reserved 1048576K
}
Event: 1768.362 GC heap after
{Heap after GC invocations=88 (full 0):
 garbage-first heap   total 476160K, used 197842K [0x0000000080000000, 0x0000000100000000)
  region size 1024K, 3 young (3072K), 3 survivors (3072K)
 Metaspace       used 179471K, committed 180736K, reserved 1245184K
  class space    used 24475K, committed 25088K, reserved 1048576K
}
Event: 1769.526 GC heap before
{Heap before GC invocations=88 (full 0):
 garbage-first heap   total 476160K, used 226514K [0x0000000080000000, 0x0000000100000000)
  region size 1024K, 33 young (33792K), 3 survivors (3072K)
 Metaspace       used 179743K, committed 181056K, reserved 1245184K
  class space    used 24478K, committed 25088K, reserved 1048576K
}
Event: 1769.537 GC heap after
{Heap after GC invocations=89 (full 0):
 garbage-first heap   total 476160K, used 196939K [0x0000000080000000, 0x0000000100000000)
  region size 1024K, 2 young (2048K), 2 survivors (2048K)
 Metaspace       used 179743K, committed 181056K, reserved 1245184K
  class space    used 24478K, committed 25088K, reserved 1048576K
}
Event: 1926.945 GC heap before
{Heap before GC invocations=90 (full 0):
 garbage-first heap   total 476160K, used 448843K [0x0000000080000000, 0x0000000100000000)
  region size 1024K, 192 young (196608K), 2 survivors (2048K)
 Metaspace       used 180278K, committed 181632K, reserved 1245184K
  class space    used 24512K, committed 25152K, reserved 1048576K
}
Event: 1927.039 GC heap after
{Heap after GC invocations=91 (full 0):
 garbage-first heap   total 476160K, used 204099K [0x0000000080000000, 0x0000000100000000)
  region size 1024K, 14 young (14336K), 14 survivors (14336K)
 Metaspace       used 180278K, committed 181632K, reserved 1245184K
  class space    used 24512K, committed 25152K, reserved 1048576K
}
Event: 1929.004 GC heap before
{Heap before GC invocations=91 (full 0):
 garbage-first heap   total 476160K, used 213315K [0x0000000080000000, 0x0000000100000000)
  region size 1024K, 23 young (23552K), 14 survivors (14336K)
 Metaspace       used 180278K, committed 181632K, reserved 1245184K
  class space    used 24512K, committed 25152K, reserved 1048576K
}
Event: 1929.181 GC heap after
{Heap after GC invocations=92 (full 0):
 garbage-first heap   total 476160K, used 190222K [0x0000000080000000, 0x0000000100000000)
  region size 1024K, 3 young (3072K), 3 survivors (3072K)
 Metaspace       used 180278K, committed 181632K, reserved 1245184K
  class space    used 24512K, committed 25152K, reserved 1048576K
}
Event: 1929.995 GC heap before
{Heap before GC invocations=92 (full 0):
 garbage-first heap   total 476160K, used 250638K [0x0000000080000000, 0x0000000100000000)
  region size 1024K, 64 young (65536K), 3 survivors (3072K)
 Metaspace       used 180358K, committed 181696K, reserved 1245184K
  class space    used 24517K, committed 25152K, reserved 1048576K
}
Event: 1930.014 GC heap after
{Heap after GC invocations=93 (full 0):
 garbage-first heap   total 476160K, used 194318K [0x0000000080000000, 0x0000000100000000)
  region size 1024K, 7 young (7168K), 7 survivors (7168K)
 Metaspace       used 180358K, committed 181696K, reserved 1245184K
  class space    used 24517K, committed 25152K, reserved 1048576K
}
Event: 2579.974 GC heap before
{Heap before GC invocations=94 (full 0):
 garbage-first heap   total 476160K, used 432910K [0x0000000080000000, 0x0000000100000000)
  region size 1024K, 180 young (184320K), 7 survivors (7168K)
 Metaspace       used 180460K, committed 181824K, reserved 1245184K
  class space    used 24450K, committed 25152K, reserved 1048576K
}
Event: 2580.060 GC heap after
{Heap after GC invocations=95 (full 0):
 garbage-first heap   total 476160K, used 200953K [0x0000000080000000, 0x0000000100000000)
  region size 1024K, 15 young (15360K), 15 survivors (15360K)
 Metaspace       used 180460K, committed 181824K, reserved 1245184K
  class space    used 24450K, committed 25152K, reserved 1048576K
}
Event: 2580.209 GC heap before
{Heap before GC invocations=95 (full 0):
 garbage-first heap   total 476160K, used 209145K [0x0000000080000000, 0x0000000100000000)
  region size 1024K, 23 young (23552K), 15 survivors (15360K)
 Metaspace       used 180469K, committed 181824K, reserved 1245184K
  class space    used 24450K, committed 25152K, reserved 1048576K
}
Event: 2580.406 GC heap after
{Heap after GC invocations=96 (full 0):
 garbage-first heap   total 476160K, used 178862K [0x0000000080000000, 0x0000000100000000)
  region size 1024K, 3 young (3072K), 3 survivors (3072K)
 Metaspace       used 180469K, committed 181824K, reserved 1245184K
  class space    used 24450K, committed 25152K, reserved 1048576K
}
Event: 2588.196 GC heap before
{Heap before GC invocations=96 (full 0):
 garbage-first heap   total 476160K, used 287406K [0x0000000080000000, 0x0000000100000000)
  region size 1024K, 111 young (113664K), 3 survivors (3072K)
 Metaspace       used 180562K, committed 181888K, reserved 1245184K
  class space    used 24452K, committed 25152K, reserved 1048576K
}

